Statistical profiling result from ./isolate-0x118008000-2649-v8.log, (1055 ticks, 133 unaccounted, 0 excluded).

 [Shared libraries]:
   ticks  total  nonlib   name
      2    0.2%          /usr/lib/system/libsystem_pthread.dylib
      2    0.2%          /usr/lib/system/libsystem_malloc.dylib
      2    0.2%          /usr/lib/system/libsystem_c.dylib
      2    0.2%          /usr/lib/libc++.1.dylib

 [JavaScript]:
   ticks  total  nonlib   name
    840   79.6%   80.2%  LazyCompile: *fib /Users/umauma/Documents/AnyProject/wasm-speed-test/app/fib/js-fib/index.js:3:22

 [C++]:
   ticks  total  nonlib   name
     30    2.8%    2.9%  T __ZN2v88internal12AsmJsScannerC1EPNS0_20Utf16CharacterStreamE
     16    1.5%    1.5%  T _semaphore_create
     15    1.4%    1.4%  T __ZN4node13native_module15NativeModuleEnv15CompileFunctionERKN2v820FunctionCallbackInfoINS2_5ValueEEE
      4    0.4%    0.4%  T __ZN4node7TTYWrap3NewERKN2v820FunctionCallbackInfoINS1_5ValueEEE
      2    0.2%    0.2%  t __platform_task_deallocate
      2    0.2%    0.2%  t __ZN4nodeL3CwdERKN2v820FunctionCallbackInfoINS0_5ValueEEE
      1    0.1%    0.1%  t __ZN4node4utilL15GuessHandleTypeERKN2v820FunctionCallbackInfoINS1_5ValueEEE
      1    0.1%    0.1%  T _platform_task_update_threads
      1    0.1%    0.1%  T _fsetxattr
      1    0.1%    0.1%  T ___commpage_gettimeofday
      1    0.1%    0.1%  T __ZN2v814ScriptCompiler24CompileFunctionInContextENS_5LocalINS_7ContextEEEPNS0_6SourceEmPNS1_INS_6StringEEEmPNS1_INS_6ObjectEEENS0_14CompileOptionsENS0_13NoCacheReasonEPNS1_INS_14ScriptOrModuleEEE

 [Summary]:
   ticks  total  nonlib   name
    840   79.6%   80.2%  JavaScript
     74    7.0%    7.1%  C++
      0    0.0%    0.0%  GC
      8    0.8%          Shared libraries
    133   12.6%          Unaccounted

 [C++ entry points]:
   ticks    cpp   total   name
     62  100.0%    5.9%  T __ZN2v88internal12AsmJsScannerC1EPNS0_20Utf16CharacterStreamE

 [Bottom up (heavy) profile]:
  Note: percentage shows a share of a particular caller in the total
  amount of its parent calls.
  Callers occupying less than 1.0% are not shown.

   ticks parent  name
    840   79.6%  LazyCompile: *fib /Users/umauma/Documents/AnyProject/wasm-speed-test/app/fib/js-fib/index.js:3:22
    840  100.0%    LazyCompile: *fib /Users/umauma/Documents/AnyProject/wasm-speed-test/app/fib/js-fib/index.js:3:22
    840  100.0%      LazyCompile: *fib /Users/umauma/Documents/AnyProject/wasm-speed-test/app/fib/js-fib/index.js:3:22
    840  100.0%        LazyCompile: *fib /Users/umauma/Documents/AnyProject/wasm-speed-test/app/fib/js-fib/index.js:3:22
    840  100.0%          LazyCompile: *fib /Users/umauma/Documents/AnyProject/wasm-speed-test/app/fib/js-fib/index.js:3:22
    840  100.0%            LazyCompile: *fib /Users/umauma/Documents/AnyProject/wasm-speed-test/app/fib/js-fib/index.js:3:22

    133   12.6%  UNKNOWN

     30    2.8%  T __ZN2v88internal12AsmJsScannerC1EPNS0_20Utf16CharacterStreamE
     19   63.3%    T __ZN2v88internal12AsmJsScannerC1EPNS0_20Utf16CharacterStreamE
      2   10.5%      LazyCompile: ~resolve node:path:1012:10
      1   50.0%        LazyCompile: ~patchProcessObject node:internal/bootstrap/pre_execution:78:28
      1  100.0%          LazyCompile: ~prepareMainThreadExecution node:internal/bootstrap/pre_execution:21:36
      1  100.0%            Eval: ~<anonymous> node:internal/main/run_main_module:1:1
      1   50.0%        LazyCompile: ~Module._initPaths node:internal/modules/cjs/loader:1201:29
      1  100.0%          LazyCompile: ~initializeCJSLoader node:internal/bootstrap/pre_execution:413:29
      1  100.0%            LazyCompile: ~prepareMainThreadExecution node:internal/bootstrap/pre_execution:21:36
      2   10.5%      LazyCompile: ~emit node:events:327:44
      2  100.0%        LazyCompile: ~_addListener node:events:406:22
      2  100.0%          LazyCompile: ~addListener node:events:468:58
      2  100.0%            LazyCompile: ~setupWarningHandler node:internal/bootstrap/pre_execution:138:29
      1    5.3%      LazyCompile: ~value node:internal/console/constructor:324:20
      1  100.0%        LazyCompile: ~log node:internal/console/constructor:362:6
      1  100.0%          t __ZN4node9inspector12_GLOBAL__N_120InspectorConsoleCallERKN2v820FunctionCallbackInfoINS2_5ValueEEE
      1  100.0%            Eval: ~<anonymous> /Users/umauma/Documents/AnyProject/wasm-speed-test/app/fib/js-fib/index.js:1:1
      1    5.3%      LazyCompile: ~resolveMainPath node:internal/modules/run_main:12:25
      1  100.0%        LazyCompile: ~executeUserEntryPoint node:internal/modules/run_main:69:31
      1  100.0%          Eval: ~<anonymous> node:internal/main/run_main_module:1:1
      1    5.3%      LazyCompile: ~realpathSync node:fs:1715:22
      1  100.0%        LazyCompile: ~toRealPath node:internal/modules/cjs/loader:383:20
      1  100.0%          LazyCompile: ~Module._findPath node:internal/modules/cjs/loader:484:28
      1  100.0%            LazyCompile: ~resolveMainPath node:internal/modules/run_main:12:25
      1    5.3%      LazyCompile: ~prepareMainThreadExecution node:internal/bootstrap/pre_execution:21:36
      1  100.0%        Eval: ~<anonymous> node:internal/main/run_main_module:1:1
      1    5.3%      LazyCompile: ~patchProcessObject node:internal/bootstrap/pre_execution:78:28
      1  100.0%        LazyCompile: ~prepareMainThreadExecution node:internal/bootstrap/pre_execution:21:36
      1  100.0%          Eval: ~<anonymous> node:internal/main/run_main_module:1:1
      1    5.3%      LazyCompile: ~fib /Users/umauma/Documents/AnyProject/wasm-speed-test/app/fib/js-fib/index.js:3:22
      1  100.0%        LazyCompile: ~fib /Users/umauma/Documents/AnyProject/wasm-speed-test/app/fib/js-fib/index.js:3:22
      1  100.0%          LazyCompile: ~fib /Users/umauma/Documents/AnyProject/wasm-speed-test/app/fib/js-fib/index.js:3:22
      1  100.0%            LazyCompile: ~fib /Users/umauma/Documents/AnyProject/wasm-speed-test/app/fib/js-fib/index.js:3:22
      1    5.3%      LazyCompile: ~compileFunction node:vm:311:25
      1  100.0%        LazyCompile: ~wrapSafe node:internal/modules/cjs/loader:1007:18
      1  100.0%          LazyCompile: ~Module._compile node:internal/modules/cjs/loader:1045:37
      1  100.0%            LazyCompile: ~Module._extensions..js node:internal/modules/cjs/loader:1100:37
      1    5.3%      LazyCompile: ~Loader node:internal/modules/esm/loader:42:14
      1  100.0%        Eval: ~<anonymous> node:internal/process/esm_loader:1:1
      1  100.0%          LazyCompile: ~compileForInternalLoader node:internal/bootstrap/loaders:270:27
      1  100.0%            LazyCompile: ~nativeModuleRequire node:internal/bootstrap/loaders:303:29
      1    5.3%      LazyCompile: ~<anonymous> node:internal/validators:93:3
      1  100.0%        LazyCompile: ~<anonymous> node:internal/fs/utils:653:40
      1  100.0%          LazyCompile: ~readSync node:fs:578:18
      1  100.0%            LazyCompile: ~tryReadSync node:fs:378:21
      1    5.3%      Eval: ~<anonymous> node:url:1:1
      1  100.0%        LazyCompile: ~compileForInternalLoader node:internal/bootstrap/loaders:270:27
      1  100.0%          LazyCompile: ~nativeModuleRequire node:internal/bootstrap/loaders:303:29
      1  100.0%            Eval: ~<anonymous> node:internal/modules/package_json_reader:1:1
      1    5.3%      Eval: ~<anonymous> node:perf_hooks:1:1
      1  100.0%        LazyCompile: ~compileForInternalLoader node:internal/bootstrap/loaders:270:27
      1  100.0%          LazyCompile: ~compileForPublicLoader node:internal/bootstrap/loaders:219:25
      1  100.0%            LazyCompile: ~loadNativeModule node:internal/modules/cjs/helpers:35:26
      1    5.3%      Eval: ~<anonymous> node:internal/modules/esm/loader:1:1
      1  100.0%        LazyCompile: ~compileForInternalLoader node:internal/bootstrap/loaders:270:27
      1  100.0%          LazyCompile: ~nativeModuleRequire node:internal/bootstrap/loaders:303:29
      1  100.0%            Eval: ~<anonymous> node:internal/process/esm_loader:1:1
      1    5.3%      Eval: ~<anonymous> node:internal/fs/utils:1:1
      1  100.0%        LazyCompile: ~compileForInternalLoader node:internal/bootstrap/loaders:270:27
      1  100.0%          LazyCompile: ~nativeModuleRequire node:internal/bootstrap/loaders:303:29
      1  100.0%            Eval: ~<anonymous> node:fs:1:1
      1    5.3%      Eval: ~<anonymous> node:internal/fs/promises:1:1
      1  100.0%        LazyCompile: ~compileForInternalLoader node:internal/bootstrap/loaders:270:27
      1  100.0%          LazyCompile: ~nativeModuleRequire node:internal/bootstrap/loaders:303:29
      1  100.0%            Eval: ~<anonymous> node:internal/modules/esm/get_source:1:1
      1    5.3%      Eval: ~<anonymous> node:fs:1:1
      1  100.0%        LazyCompile: ~compileForInternalLoader node:internal/bootstrap/loaders:270:27
      1  100.0%          LazyCompile: ~nativeModuleRequire node:internal/bootstrap/loaders:303:29
      1  100.0%            Eval: ~<anonymous> node:internal/source_map/source_map_cache:1:1
      2    6.7%    LazyCompile: ~fib /Users/umauma/Documents/AnyProject/wasm-speed-test/app/fib/js-fib/index.js:3:22
      2  100.0%      LazyCompile: ~fib /Users/umauma/Documents/AnyProject/wasm-speed-test/app/fib/js-fib/index.js:3:22
      2  100.0%        LazyCompile: ~fib /Users/umauma/Documents/AnyProject/wasm-speed-test/app/fib/js-fib/index.js:3:22
      2  100.0%          LazyCompile: ~fib /Users/umauma/Documents/AnyProject/wasm-speed-test/app/fib/js-fib/index.js:3:22
      2  100.0%            LazyCompile: ~fib /Users/umauma/Documents/AnyProject/wasm-speed-test/app/fib/js-fib/index.js:3:22
      1    3.3%    LazyCompile: ~stat node:internal/modules/cjs/loader:144:14
      1  100.0%      LazyCompile: ~Module._findPath node:internal/modules/cjs/loader:484:28
      1  100.0%        LazyCompile: ~Module._resolveFilename node:internal/modules/cjs/loader:839:35
      1  100.0%          LazyCompile: ~Module._load node:internal/modules/cjs/loader:747:24
      1  100.0%            LazyCompile: ~executeUserEntryPoint node:internal/modules/run_main:69:31
      1    3.3%    LazyCompile: ~resolve node:path:1012:10
      1  100.0%      LazyCompile: ~readPackage node:internal/modules/cjs/loader:280:21
      1  100.0%        LazyCompile: ~readPackageScope node:internal/modules/cjs/loader:311:26
      1  100.0%          LazyCompile: ~Module._extensions..js node:internal/modules/cjs/loader:1100:37
      1  100.0%            LazyCompile: ~Module.load node:internal/modules/cjs/loader:959:33
      1    3.3%    LazyCompile: ~realpathSync node:fs:1715:22
      1  100.0%      LazyCompile: ~toRealPath node:internal/modules/cjs/loader:383:20
      1  100.0%        LazyCompile: ~Module._findPath node:internal/modules/cjs/loader:484:28
      1  100.0%          LazyCompile: ~resolveMainPath node:internal/modules/run_main:12:25
      1  100.0%            LazyCompile: ~executeUserEntryPoint node:internal/modules/run_main:69:31
      1    3.3%    LazyCompile: ~init node:internal/util/debuglog:73:16
      1  100.0%      LazyCompile: ~debug node:internal/util/debuglog:77:15
      1  100.0%        LazyCompile: ~logger node:internal/util/debuglog:92:18
      1  100.0%          LazyCompile: ~loadNativeModule node:internal/modules/cjs/helpers:35:26
      1  100.0%            LazyCompile: ~Module._load node:internal/modules/cjs/loader:747:24

     16    1.5%  T _semaphore_create
      8   50.0%    T __ZN2v88internal12AsmJsScannerC1EPNS0_20Utf16CharacterStreamE
      1   12.5%      LazyCompile: ~setupTraceCategoryState node:internal/bootstrap/pre_execution:218:33
      1  100.0%        LazyCompile: ~prepareMainThreadExecution node:internal/bootstrap/pre_execution:21:36
      1  100.0%          Eval: ~<anonymous> node:internal/main/run_main_module:1:1
      1   12.5%      LazyCompile: ~prepareMainThreadExecution node:internal/bootstrap/pre_execution:21:36
      1  100.0%        Eval: ~<anonymous> node:internal/main/run_main_module:1:1
      1   12.5%      LazyCompile: ~fib /Users/umauma/Documents/AnyProject/wasm-speed-test/app/fib/js-fib/index.js:3:22
      1  100.0%        LazyCompile: ~fib /Users/umauma/Documents/AnyProject/wasm-speed-test/app/fib/js-fib/index.js:3:22
      1  100.0%          LazyCompile: ~fib /Users/umauma/Documents/AnyProject/wasm-speed-test/app/fib/js-fib/index.js:3:22
      1  100.0%            LazyCompile: ~fib /Users/umauma/Documents/AnyProject/wasm-speed-test/app/fib/js-fib/index.js:3:22
      1   12.5%      Eval: ~<anonymous> node:net:1:1
      1  100.0%        LazyCompile: ~compileForInternalLoader node:internal/bootstrap/loaders:270:27
      1  100.0%          LazyCompile: ~nativeModuleRequire node:internal/bootstrap/loaders:303:29
      1  100.0%            Eval: ~<anonymous> node:tty:1:1
      1   12.5%      Eval: ~<anonymous> node:internal/options:1:1
      1  100.0%        LazyCompile: ~compileForInternalLoader node:internal/bootstrap/loaders:270:27
      1  100.0%          LazyCompile: ~nativeModuleRequire node:internal/bootstrap/loaders:303:29
      1  100.0%            Eval: ~<anonymous> node:internal/bootstrap/pre_execution:1:1
      1   12.5%      Eval: ~<anonymous> node:internal/modules/cjs/loader:1:1
      1  100.0%        LazyCompile: ~compileForInternalLoader node:internal/bootstrap/loaders:270:27
      1  100.0%          LazyCompile: ~nativeModuleRequire node:internal/bootstrap/loaders:303:29
      1  100.0%            LazyCompile: ~initializeCJSLoader node:internal/bootstrap/pre_execution:413:29
      1   12.5%      Eval: ~<anonymous> node:internal/fs/utils:1:1
      1  100.0%        LazyCompile: ~compileForInternalLoader node:internal/bootstrap/loaders:270:27
      1  100.0%          LazyCompile: ~nativeModuleRequire node:internal/bootstrap/loaders:303:29
      1  100.0%            Eval: ~<anonymous> node:fs:1:1
      1   12.5%      Eval: ~<anonymous> node:fs:1:1
      1  100.0%        LazyCompile: ~compileForInternalLoader node:internal/bootstrap/loaders:270:27
      1  100.0%          LazyCompile: ~nativeModuleRequire node:internal/bootstrap/loaders:303:29
      1  100.0%            Eval: ~<anonymous> node:internal/source_map/source_map_cache:1:1

     15    1.4%  T __ZN4node13native_module15NativeModuleEnv15CompileFunctionERKN2v820FunctionCallbackInfoINS2_5ValueEEE
     15  100.0%    T __ZN2v88internal12AsmJsScannerC1EPNS0_20Utf16CharacterStreamE
     15  100.0%      LazyCompile: ~compileForInternalLoader node:internal/bootstrap/loaders:270:27
     15  100.0%        LazyCompile: ~nativeModuleRequire node:internal/bootstrap/loaders:303:29
      4   26.7%          LazyCompile: ~initializeCJSLoader node:internal/bootstrap/pre_execution:413:29
      4  100.0%            LazyCompile: ~prepareMainThreadExecution node:internal/bootstrap/pre_execution:21:36
      2   13.3%          LazyCompile: ~initializeReport node:internal/bootstrap/pre_execution:179:26
      2  100.0%            LazyCompile: ~prepareMainThreadExecution node:internal/bootstrap/pre_execution:21:36
      2   13.3%          Eval: ~<anonymous> node:internal/source_map/source_map_cache:1:1
      2  100.0%            LazyCompile: ~compileForInternalLoader node:internal/bootstrap/loaders:270:27
      2   13.3%          Eval: ~<anonymous> node:internal/modules/esm/loader:1:1
      2  100.0%            LazyCompile: ~compileForInternalLoader node:internal/bootstrap/loaders:270:27
      1    6.7%          Eval: ~<anonymous> node:tty:1:1
      1  100.0%            LazyCompile: ~compileForInternalLoader node:internal/bootstrap/loaders:270:27
      1    6.7%          Eval: ~<anonymous> node:internal/modules/esm/get_source:1:1
      1  100.0%            LazyCompile: ~compileForInternalLoader node:internal/bootstrap/loaders:270:27
      1    6.7%          Eval: ~<anonymous> node:internal/modules/cjs/loader:1:1
      1  100.0%            LazyCompile: ~compileForInternalLoader node:internal/bootstrap/loaders:270:27
      1    6.7%          Eval: ~<anonymous> node:internal/fs/promises:1:1
      1  100.0%            LazyCompile: ~compileForInternalLoader node:internal/bootstrap/loaders:270:27
      1    6.7%          Eval: ~<anonymous> node:fs:1:1
      1  100.0%            LazyCompile: ~compileForInternalLoader node:internal/bootstrap/loaders:270:27

