Statistical profiling result from ./isolate-0x118008000-2488-v8.log, (1022 ticks, 119 unaccounted, 0 excluded).

 [Shared libraries]:
   ticks  total  nonlib   name
      5    0.5%          /usr/lib/system/libsystem_c.dylib
      4    0.4%          /usr/lib/system/libsystem_pthread.dylib
      1    0.1%          /usr/lib/system/libsystem_platform.dylib
      1    0.1%          /usr/lib/system/libsystem_malloc.dylib
      1    0.1%          /usr/lib/system/libsystem_kernel.dylib

 [JavaScript]:
   ticks  total  nonlib   name
    753   73.7%   74.6%  LazyCompile: *fib /Users/umauma/Documents/AnyProject/wasm-speed-test/app/fib/js-fib/index.js:3:22

 [C++]:
   ticks  total  nonlib   name
     91    8.9%    9.0%  T __ZN2v88internal12AsmJsScannerC1EPNS0_20Utf16CharacterStreamE
     15    1.5%    1.5%  T __ZN4node13native_module15NativeModuleEnv15CompileFunctionERKN2v820FunctionCallbackInfoINS2_5ValueEEE
     11    1.1%    1.1%  T _semaphore_create
      3    0.3%    0.3%  t __platform_task_deallocate
      2    0.2%    0.2%  T __ZN4node7binding18GetInternalBindingERKN2v820FunctionCallbackInfoINS1_5ValueEEE
      2    0.2%    0.2%  T __ZN4node7TTYWrap3NewERKN2v820FunctionCallbackInfoINS1_5ValueEEE
      1    0.1%    0.1%  t __ZN4nodeL11GetFastAPIsERKN2v820FunctionCallbackInfoINS0_5ValueEEE
      1    0.1%    0.1%  t __ZN4node4utilL15GuessHandleTypeERKN2v820FunctionCallbackInfoINS1_5ValueEEE
      1    0.1%    0.1%  t __ZN4node2fsL4ReadERKN2v820FunctionCallbackInfoINS1_5ValueEEE
      1    0.1%    0.1%  t __ZN4node2fsL4OpenERKN2v820FunctionCallbackInfoINS1_5ValueEEE
      1    0.1%    0.1%  T _platform_task_update_threads
      1    0.1%    0.1%  T __kernelrpc_mach_port_set_attributes
      1    0.1%    0.1%  T __ZNK2v85Value8ToStringENS_5LocalINS_7ContextEEE
      1    0.1%    0.1%  T __ZN4node6loader10ModuleWrap8EvaluateERKN2v820FunctionCallbackInfoINS2_5ValueEEE
      1    0.1%    0.1%  T __ZN4node14options_parser10GetOptionsERKN2v820FunctionCallbackInfoINS1_5ValueEEE
      1    0.1%    0.1%  T __ZN4node13native_module18NativeModuleLoader16LookupAndCompileEN2v85LocalINS2_7ContextEEEPKcPNSt3__16vectorINS3_INS2_6StringEEENS8_9allocatorISB_EEEEPNS1_6ResultE
      1    0.1%    0.1%  T __ZN4node11EnvironmentD2Ev
      1    0.1%    0.1%  T __ZN4node11EnvironmentC2EPNS_11IsolateDataEPN2v87IsolateERKNSt3__16vectorINS6_12basic_stringIcNS6_11char_traitsIcEENS6_9allocatorIcEEEENSB_ISD_EEEESH_PKNS_16EnvSerializeInfoENS_16EnvironmentFlags5FlagsENS_8ThreadIdE
      1    0.1%    0.1%  T __ZN2v88internal10ApiNatives19InstantiateFunctionENS0_6HandleINS0_20FunctionTemplateInfoEEENS0_11MaybeHandleINS0_4NameEEE
      1    0.1%    0.1%  T __ZN2v810NewContextEPNS_7IsolateEPNS_22ExtensionConfigurationENS_10MaybeLocalINS_14ObjectTemplateEEENS4_INS_5ValueEEEmNS_33DeserializeInternalFieldsCallbackEPNS_14MicrotaskQueueE

 [Summary]:
   ticks  total  nonlib   name
    753   73.7%   74.6%  JavaScript
    138   13.5%   13.7%  C++
      1    0.1%    0.1%  GC
     12    1.2%          Shared libraries
    119   11.6%          Unaccounted

 [C++ entry points]:
   ticks    cpp   total   name
     93  100.0%    9.1%  T __ZN2v88internal12AsmJsScannerC1EPNS0_20Utf16CharacterStreamE

 [Bottom up (heavy) profile]:
  Note: percentage shows a share of a particular caller in the total
  amount of its parent calls.
  Callers occupying less than 1.0% are not shown.

   ticks parent  name
    753   73.7%  LazyCompile: *fib /Users/umauma/Documents/AnyProject/wasm-speed-test/app/fib/js-fib/index.js:3:22
    753  100.0%    LazyCompile: *fib /Users/umauma/Documents/AnyProject/wasm-speed-test/app/fib/js-fib/index.js:3:22
    753  100.0%      LazyCompile: *fib /Users/umauma/Documents/AnyProject/wasm-speed-test/app/fib/js-fib/index.js:3:22
    753  100.0%        LazyCompile: *fib /Users/umauma/Documents/AnyProject/wasm-speed-test/app/fib/js-fib/index.js:3:22
    753  100.0%          LazyCompile: *fib /Users/umauma/Documents/AnyProject/wasm-speed-test/app/fib/js-fib/index.js:3:22
    753  100.0%            LazyCompile: *fib /Users/umauma/Documents/AnyProject/wasm-speed-test/app/fib/js-fib/index.js:3:22

    119   11.6%  UNKNOWN

     91    8.9%  T __ZN2v88internal12AsmJsScannerC1EPNS0_20Utf16CharacterStreamE
     38   41.8%    T __ZN2v88internal12AsmJsScannerC1EPNS0_20Utf16CharacterStreamE
     16   42.1%      LazyCompile: ~fib /Users/umauma/Documents/AnyProject/wasm-speed-test/app/fib/js-fib/index.js:3:22
     16  100.0%        LazyCompile: ~fib /Users/umauma/Documents/AnyProject/wasm-speed-test/app/fib/js-fib/index.js:3:22
     16  100.0%          LazyCompile: ~fib /Users/umauma/Documents/AnyProject/wasm-speed-test/app/fib/js-fib/index.js:3:22
     16  100.0%            LazyCompile: ~fib /Users/umauma/Documents/AnyProject/wasm-speed-test/app/fib/js-fib/index.js:3:22
      6   15.8%      T __ZN2v88internal12AsmJsScannerC1EPNS0_20Utf16CharacterStreamE
      2   33.3%        LazyCompile: ~init node:internal/util/debuglog:73:16
      2  100.0%          LazyCompile: ~debug node:internal/util/debuglog:77:15
      2  100.0%            LazyCompile: ~logger node:internal/util/debuglog:92:18
      1   16.7%        LazyCompile: ~normalizeString node:path:61:25
      1  100.0%          LazyCompile: ~resolve node:path:1012:10
      1  100.0%            LazyCompile: ~patchProcessObject node:internal/bootstrap/pre_execution:78:28
      1   16.7%        LazyCompile: ~Module._findPath node:internal/modules/cjs/loader:484:28
      1  100.0%          LazyCompile: ~resolveMainPath node:internal/modules/run_main:12:25
      1  100.0%            LazyCompile: ~executeUserEntryPoint node:internal/modules/run_main:69:31
      1   16.7%        Eval: ~<anonymous> node:url:1:1
      1  100.0%          LazyCompile: ~compileForInternalLoader node:internal/bootstrap/loaders:270:27
      1  100.0%            LazyCompile: ~nativeModuleRequire node:internal/bootstrap/loaders:303:29
      1   16.7%        Eval: ~<anonymous> node:internal/net:1:1
      1  100.0%          LazyCompile: ~compileForInternalLoader node:internal/bootstrap/loaders:270:27
      1  100.0%            LazyCompile: ~nativeModuleRequire node:internal/bootstrap/loaders:303:29
      2    5.3%      LazyCompile: ~prepareMainThreadExecution node:internal/bootstrap/pre_execution:21:36
      2  100.0%        Eval: ~<anonymous> node:internal/main/run_main_module:1:1
      1    2.6%      LazyCompile: ~value node:internal/console/constructor:324:20
      1  100.0%        LazyCompile: ~log node:internal/console/constructor:362:6
      1  100.0%          t __ZN4node9inspector12_GLOBAL__N_120InspectorConsoleCallERKN2v820FunctionCallbackInfoINS2_5ValueEEE
      1  100.0%            Eval: ~<anonymous> /Users/umauma/Documents/AnyProject/wasm-speed-test/app/fib/js-fib/index.js:1:1
      1    2.6%      LazyCompile: ~resolve node:path:1012:10
      1  100.0%        LazyCompile: ~patchProcessObject node:internal/bootstrap/pre_execution:78:28
      1  100.0%          LazyCompile: ~prepareMainThreadExecution node:internal/bootstrap/pre_execution:21:36
      1  100.0%            Eval: ~<anonymous> node:internal/main/run_main_module:1:1
      1    2.6%      LazyCompile: ~normalizeString node:path:61:25
      1  100.0%        LazyCompile: ~resolve node:path:1012:10
      1  100.0%          LazyCompile: ~patchProcessObject node:internal/bootstrap/pre_execution:78:28
      1  100.0%            LazyCompile: ~prepareMainThreadExecution node:internal/bootstrap/pre_execution:21:36
      1    2.6%      LazyCompile: ~internalBinding node:internal/bootstrap/loaders:137:45
      1  100.0%        Eval: ~<anonymous> node:perf_hooks:1:1
      1  100.0%          LazyCompile: ~compileForInternalLoader node:internal/bootstrap/loaders:270:27
      1  100.0%            LazyCompile: ~compileForPublicLoader node:internal/bootstrap/loaders:219:25
      1    2.6%      LazyCompile: ~initializeDeprecations node:internal/bootstrap/pre_execution:242:32
      1  100.0%        LazyCompile: ~prepareMainThreadExecution node:internal/bootstrap/pre_execution:21:36
      1  100.0%          Eval: ~<anonymous> node:internal/main/run_main_module:1:1
      1    2.6%      LazyCompile: ~emitAfterScript node:internal/async_hooks:480:25
      1  100.0%        LazyCompile: ~processTicksAndRejections node:internal/process/task_queues:66:35
      1    2.6%      LazyCompile: ~Module._load node:internal/modules/cjs/loader:747:24
      1  100.0%        LazyCompile: ~executeUserEntryPoint node:internal/modules/run_main:69:31
      1  100.0%          Eval: ~<anonymous> node:internal/main/run_main_module:1:1
      1    2.6%      Eval: ~<anonymous> node:url:1:1
      1  100.0%        LazyCompile: ~compileForInternalLoader node:internal/bootstrap/loaders:270:27
      1  100.0%          LazyCompile: ~nativeModuleRequire node:internal/bootstrap/loaders:303:29
      1  100.0%            Eval: ~<anonymous> node:internal/modules/package_json_reader:1:1
      1    2.6%      Eval: ~<anonymous> node:internal/vm/module:1:1
      1  100.0%        LazyCompile: ~compileForInternalLoader node:internal/bootstrap/loaders:270:27
      1  100.0%          LazyCompile: ~nativeModuleRequire node:internal/bootstrap/loaders:303:29
      1  100.0%            Eval: ~<anonymous> node:internal/process/esm_loader:1:1
      1    2.6%      Eval: ~<anonymous> node:internal/modules/cjs/loader:1:1
      1  100.0%        LazyCompile: ~compileForInternalLoader node:internal/bootstrap/loaders:270:27
      1  100.0%          LazyCompile: ~nativeModuleRequire node:internal/bootstrap/loaders:303:29
      1  100.0%            LazyCompile: ~initializeCJSLoader node:internal/bootstrap/pre_execution:413:29
      1    2.6%      Eval: ~<anonymous> node:internal/main/run_main_module:1:1
      1    2.6%      Eval: ~<anonymous> node:internal/fs/utils:1:1
      1  100.0%        LazyCompile: ~compileForInternalLoader node:internal/bootstrap/loaders:270:27
      1  100.0%          LazyCompile: ~nativeModuleRequire node:internal/bootstrap/loaders:303:29
      1  100.0%            Eval: ~<anonymous> node:fs:1:1
      1    2.6%      Eval: ~<anonymous> node:fs:1:1
      1  100.0%        LazyCompile: ~compileForInternalLoader node:internal/bootstrap/loaders:270:27
      1  100.0%          LazyCompile: ~nativeModuleRequire node:internal/bootstrap/loaders:303:29
      1  100.0%            Eval: ~<anonymous> node:internal/source_map/source_map_cache:1:1
      1    2.6%      Eval: ~<anonymous> /Users/umauma/Documents/AnyProject/wasm-speed-test/app/fib/js-fib/index.js:1:1
      1  100.0%        LazyCompile: ~Module._compile node:internal/modules/cjs/loader:1045:37
      1  100.0%          LazyCompile: ~Module._extensions..js node:internal/modules/cjs/loader:1100:37
      1  100.0%            LazyCompile: ~Module.load node:internal/modules/cjs/loader:959:33
     10   11.0%    LazyCompile: ~fib /Users/umauma/Documents/AnyProject/wasm-speed-test/app/fib/js-fib/index.js:3:22
     10  100.0%      LazyCompile: ~fib /Users/umauma/Documents/AnyProject/wasm-speed-test/app/fib/js-fib/index.js:3:22
     10  100.0%        LazyCompile: ~fib /Users/umauma/Documents/AnyProject/wasm-speed-test/app/fib/js-fib/index.js:3:22
     10  100.0%          LazyCompile: ~fib /Users/umauma/Documents/AnyProject/wasm-speed-test/app/fib/js-fib/index.js:3:22
     10  100.0%            LazyCompile: ~fib /Users/umauma/Documents/AnyProject/wasm-speed-test/app/fib/js-fib/index.js:3:22
      3    3.3%    LazyCompile: ~nativeModuleRequire node:internal/bootstrap/loaders:303:29
      2   66.7%      Eval: ~<anonymous> node:internal/main/run_main_module:1:1
      1   33.3%      Eval: ~<anonymous> node:internal/fs/watchers:1:1
      1  100.0%        LazyCompile: ~compileForInternalLoader node:internal/bootstrap/loaders:270:27
      1  100.0%          LazyCompile: ~nativeModuleRequire node:internal/bootstrap/loaders:303:29
      1  100.0%            Eval: ~<anonymous> node:internal/fs/promises:1:1
      1    1.1%    LazyCompile: ~setupDebugEnv node:internal/bootstrap/pre_execution:190:23
      1  100.0%      LazyCompile: ~prepareMainThreadExecution node:internal/bootstrap/pre_execution:21:36
      1  100.0%        Eval: ~<anonymous> node:internal/main/run_main_module:1:1
      1    1.1%    LazyCompile: ~internalBinding node:internal/bootstrap/loaders:137:45
      1  100.0%      Eval: ~<anonymous> node:internal/options:1:1
      1  100.0%        LazyCompile: ~compileForInternalLoader node:internal/bootstrap/loaders:270:27
      1  100.0%          LazyCompile: ~nativeModuleRequire node:internal/bootstrap/loaders:303:29
      1  100.0%            Eval: ~<anonymous> node:internal/bootstrap/pre_execution:1:1
      1    1.1%    LazyCompile: ~compileForInternalLoader node:internal/bootstrap/loaders:270:27
      1  100.0%      LazyCompile: ~nativeModuleRequire node:internal/bootstrap/loaders:303:29
      1  100.0%        Eval: ~<anonymous> node:fs:1:1
      1  100.0%          LazyCompile: ~compileForInternalLoader node:internal/bootstrap/loaders:270:27
      1  100.0%            LazyCompile: ~nativeModuleRequire node:internal/bootstrap/loaders:303:29
      1    1.1%    LazyCompile: ~Module._findPath node:internal/modules/cjs/loader:484:28
      1  100.0%      LazyCompile: ~resolveMainPath node:internal/modules/run_main:12:25
      1  100.0%        LazyCompile: ~executeUserEntryPoint node:internal/modules/run_main:69:31
      1  100.0%          Eval: ~<anonymous> node:internal/main/run_main_module:1:1
      1    1.1%    Eval: ~<anonymous> node:internal/modules/esm/module_job:1:1
      1  100.0%      LazyCompile: ~compileForInternalLoader node:internal/bootstrap/loaders:270:27
      1  100.0%        LazyCompile: ~nativeModuleRequire node:internal/bootstrap/loaders:303:29
      1  100.0%          Eval: ~<anonymous> node:internal/modules/esm/module_map:1:1
      1  100.0%            LazyCompile: ~compileForInternalLoader node:internal/bootstrap/loaders:270:27
      1    1.1%    Eval: ~<anonymous> node:internal/main/run_main_module:1:1

     15    1.5%  T __ZN4node13native_module15NativeModuleEnv15CompileFunctionERKN2v820FunctionCallbackInfoINS2_5ValueEEE
     15  100.0%    T __ZN2v88internal12AsmJsScannerC1EPNS0_20Utf16CharacterStreamE
     15  100.0%      LazyCompile: ~compileForInternalLoader node:internal/bootstrap/loaders:270:27
     14   93.3%        LazyCompile: ~nativeModuleRequire node:internal/bootstrap/loaders:303:29
      3   21.4%          Eval: ~<anonymous> node:internal/source_map/source_map_cache:1:1
      3  100.0%            LazyCompile: ~compileForInternalLoader node:internal/bootstrap/loaders:270:27
      2   14.3%          Eval: ~<anonymous> node:tty:1:1
      2  100.0%            LazyCompile: ~compileForInternalLoader node:internal/bootstrap/loaders:270:27
      2   14.3%          Eval: ~<anonymous> node:fs:1:1
      2  100.0%            LazyCompile: ~compileForInternalLoader node:internal/bootstrap/loaders:270:27
      1    7.1%          LazyCompile: ~setupInspectorHooks node:internal/bootstrap/pre_execution:224:29
      1  100.0%            LazyCompile: ~prepareMainThreadExecution node:internal/bootstrap/pre_execution:21:36
      1    7.1%          LazyCompile: ~createWritableStdioStream node:internal/bootstrap/switches/is_main_thread:41:35
      1  100.0%            LazyCompile: ~getStdout node:internal/bootstrap/switches/is_main_thread:120:19
      1    7.1%          Eval: ~<anonymous> node:net:1:1
      1  100.0%            LazyCompile: ~compileForInternalLoader node:internal/bootstrap/loaders:270:27
      1    7.1%          Eval: ~<anonymous> node:internal/modules/package_json_reader:1:1
      1  100.0%            LazyCompile: ~compileForInternalLoader node:internal/bootstrap/loaders:270:27
      1    7.1%          Eval: ~<anonymous> node:internal/modules/esm/loader:1:1
      1  100.0%            LazyCompile: ~compileForInternalLoader node:internal/bootstrap/loaders:270:27
      1    7.1%          Eval: ~<anonymous> node:internal/modules/cjs/loader:1:1
      1  100.0%            LazyCompile: ~compileForInternalLoader node:internal/bootstrap/loaders:270:27
      1    7.1%          Eval: ~<anonymous> node:internal/main/run_main_module:1:1
      1    6.7%        LazyCompile: ~compileForPublicLoader node:internal/bootstrap/loaders:219:25
      1  100.0%          LazyCompile: ~loadNativeModule node:internal/modules/cjs/helpers:35:26
      1  100.0%            LazyCompile: ~Module._load node:internal/modules/cjs/loader:747:24

     11    1.1%  T _semaphore_create
      6   54.5%    T __ZN2v88internal12AsmJsScannerC1EPNS0_20Utf16CharacterStreamE
      1   16.7%      LazyCompile: ~readPackage node:internal/modules/cjs/loader:280:21
      1  100.0%        LazyCompile: ~readPackageScope node:internal/modules/cjs/loader:311:26
      1  100.0%          LazyCompile: ~shouldUseESMLoader node:internal/modules/run_main:27:28
      1  100.0%            LazyCompile: ~executeUserEntryPoint node:internal/modules/run_main:69:31
      1   16.7%      LazyCompile: ~WritableState node:internal/streams/writable:75:23
      1  100.0%        LazyCompile: ~Writable node:internal/streams/writable:238:18
      1  100.0%          LazyCompile: ~Duplex node:internal/streams/duplex:52:16
      1  100.0%            LazyCompile: ~Socket node:net:276:16
      1   16.7%      LazyCompile: ~Socket._writeGeneric node:net:747:42
      1  100.0%        LazyCompile: ~Socket._write node:net:784:35
      1  100.0%          LazyCompile: ~writeOrBuffer node:internal/streams/writable:371:23
      1  100.0%            LazyCompile: ~Writable.write node:internal/streams/writable:293:36
      1   16.7%      Eval: ~<anonymous> node:internal/modules/cjs/helpers:1:1
      1  100.0%        LazyCompile: ~compileForInternalLoader node:internal/bootstrap/loaders:270:27
      1  100.0%          LazyCompile: ~nativeModuleRequire node:internal/bootstrap/loaders:303:29
      1  100.0%            Eval: ~<anonymous> node:internal/source_map/source_map_cache:1:1
      1   16.7%      Eval: ~<anonymous> node:internal/fs/promises:1:1
      1  100.0%        LazyCompile: ~compileForInternalLoader node:internal/bootstrap/loaders:270:27
      1  100.0%          LazyCompile: ~nativeModuleRequire node:internal/bootstrap/loaders:303:29
      1  100.0%            Eval: ~<anonymous> node:internal/modules/esm/get_source:1:1
      1   16.7%      Eval: ~<anonymous> node:fs:1:1
      1  100.0%        LazyCompile: ~compileForInternalLoader node:internal/bootstrap/loaders:270:27
      1  100.0%          LazyCompile: ~nativeModuleRequire node:internal/bootstrap/loaders:303:29
      1  100.0%            Eval: ~<anonymous> node:internal/source_map/source_map_cache:1:1

