Statistical profiling result from ./isolate-0x118008000-2542-v8.log, (1052 ticks, 146 unaccounted, 0 excluded).

 [Shared libraries]:
   ticks  total  nonlib   name
      6    0.6%          /usr/lib/system/libsystem_c.dylib
      4    0.4%          /usr/lib/libc++.1.dylib
      1    0.1%          /usr/lib/system/libsystem_malloc.dylib
      1    0.1%          /usr/lib/system/libsystem_kernel.dylib

 [JavaScript]:
   ticks  total  nonlib   name
    822   78.1%   79.0%  LazyCompile: *fib /Users/umauma/Documents/AnyProject/wasm-speed-test/app/fib/js-fib/index.js:3:22

 [C++]:
   ticks  total  nonlib   name
     33    3.1%    3.2%  T __ZN2v88internal12AsmJsScannerC1EPNS0_20Utf16CharacterStreamE
     12    1.1%    1.2%  T __ZN4node13native_module15NativeModuleEnv15CompileFunctionERKN2v820FunctionCallbackInfoINS2_5ValueEEE
     10    1.0%    1.0%  T _semaphore_create
      6    0.6%    0.6%  t __ZN4nodeL3CwdERKN2v820FunctionCallbackInfoINS0_5ValueEEE
      3    0.3%    0.3%  T __ZN4node7TTYWrap3NewERKN2v820FunctionCallbackInfoINS1_5ValueEEE
      2    0.2%    0.2%  T ___commpage_gettimeofday
      1    0.1%    0.1%  t __platform_task_deallocate
      1    0.1%    0.1%  t __ZN4node2fsL4OpenERKN2v820FunctionCallbackInfoINS1_5ValueEEE
      1    0.1%    0.1%  t __ZN2v88internal12StringHasher20HashSequentialStringIhEEjPKT_iy
      1    0.1%    0.1%  T _platform_task_update_threads
      1    0.1%    0.1%  T __kernelrpc_thread_policy_set
      1    0.1%    0.1%  T __ZN2v810NewContextEPNS_7IsolateEPNS_22ExtensionConfigurationENS_10MaybeLocalINS_14ObjectTemplateEEENS4_INS_5ValueEEEmNS_33DeserializeInternalFieldsCallbackEPNS_14MicrotaskQueueE

 [Summary]:
   ticks  total  nonlib   name
    822   78.1%   79.0%  JavaScript
     72    6.8%    6.9%  C++
      0    0.0%    0.0%  GC
     12    1.1%          Shared libraries
    146   13.9%          Unaccounted

 [C++ entry points]:
   ticks    cpp   total   name
     58  100.0%    5.5%  T __ZN2v88internal12AsmJsScannerC1EPNS0_20Utf16CharacterStreamE

 [Bottom up (heavy) profile]:
  Note: percentage shows a share of a particular caller in the total
  amount of its parent calls.
  Callers occupying less than 1.0% are not shown.

   ticks parent  name
    822   78.1%  LazyCompile: *fib /Users/umauma/Documents/AnyProject/wasm-speed-test/app/fib/js-fib/index.js:3:22
    822  100.0%    LazyCompile: *fib /Users/umauma/Documents/AnyProject/wasm-speed-test/app/fib/js-fib/index.js:3:22
    822  100.0%      LazyCompile: *fib /Users/umauma/Documents/AnyProject/wasm-speed-test/app/fib/js-fib/index.js:3:22
    822  100.0%        LazyCompile: *fib /Users/umauma/Documents/AnyProject/wasm-speed-test/app/fib/js-fib/index.js:3:22
    822  100.0%          LazyCompile: *fib /Users/umauma/Documents/AnyProject/wasm-speed-test/app/fib/js-fib/index.js:3:22
    822  100.0%            LazyCompile: *fib /Users/umauma/Documents/AnyProject/wasm-speed-test/app/fib/js-fib/index.js:3:22

    146   13.9%  UNKNOWN

     33    3.1%  T __ZN2v88internal12AsmJsScannerC1EPNS0_20Utf16CharacterStreamE
     21   63.6%    T __ZN2v88internal12AsmJsScannerC1EPNS0_20Utf16CharacterStreamE
      3   14.3%      LazyCompile: ~fib /Users/umauma/Documents/AnyProject/wasm-speed-test/app/fib/js-fib/index.js:3:22
      3  100.0%        LazyCompile: ~fib /Users/umauma/Documents/AnyProject/wasm-speed-test/app/fib/js-fib/index.js:3:22
      3  100.0%          LazyCompile: ~fib /Users/umauma/Documents/AnyProject/wasm-speed-test/app/fib/js-fib/index.js:3:22
      3  100.0%            LazyCompile: ~fib /Users/umauma/Documents/AnyProject/wasm-speed-test/app/fib/js-fib/index.js:3:22
      2    9.5%      LazyCompile: ~nativeModuleRequire node:internal/bootstrap/loaders:303:29
      2  100.0%        Eval: ~<anonymous> node:internal/main/run_main_module:1:1
      2    9.5%      Eval: ~<anonymous> node:internal/fs/utils:1:1
      2  100.0%        LazyCompile: ~compileForInternalLoader node:internal/bootstrap/loaders:270:27
      2  100.0%          LazyCompile: ~nativeModuleRequire node:internal/bootstrap/loaders:303:29
      2  100.0%            Eval: ~<anonymous> node:fs:1:1
      1    4.8%      T __ZN2v88internal12AsmJsScannerC1EPNS0_20Utf16CharacterStreamE
      1  100.0%        LazyCompile: ~init node:internal/util/debuglog:73:16
      1  100.0%          LazyCompile: ~debug node:internal/util/debuglog:77:15
      1  100.0%            LazyCompile: ~logger node:internal/util/debuglog:92:18
      1    4.8%      LazyCompile: ~value node:internal/console/constructor:324:20
      1  100.0%        LazyCompile: ~log node:internal/console/constructor:362:6
      1  100.0%          t __ZN4node9inspector12_GLOBAL__N_120InspectorConsoleCallERKN2v820FunctionCallbackInfoINS2_5ValueEEE
      1  100.0%            Eval: ~<anonymous> /Users/umauma/Documents/AnyProject/wasm-speed-test/app/fib/js-fib/index.js:1:1
      1    4.8%      LazyCompile: ~realpathSync node:fs:1715:22
      1  100.0%        LazyCompile: ~toRealPath node:internal/modules/cjs/loader:383:20
      1  100.0%          LazyCompile: ~Module._findPath node:internal/modules/cjs/loader:484:28
      1  100.0%            LazyCompile: ~resolveMainPath node:internal/modules/run_main:12:25
      1    4.8%      LazyCompile: ~readPackageScope node:internal/modules/cjs/loader:311:26
      1  100.0%        LazyCompile: ~shouldUseESMLoader node:internal/modules/run_main:27:28
      1  100.0%          LazyCompile: ~executeUserEntryPoint node:internal/modules/run_main:69:31
      1  100.0%            Eval: ~<anonymous> node:internal/main/run_main_module:1:1
      1    4.8%      LazyCompile: ~prepareMainThreadExecution node:internal/bootstrap/pre_execution:21:36
      1  100.0%        Eval: ~<anonymous> node:internal/main/run_main_module:1:1
      1    4.8%      LazyCompile: ~patchProcessObject node:internal/bootstrap/pre_execution:78:28
      1  100.0%        LazyCompile: ~prepareMainThreadExecution node:internal/bootstrap/pre_execution:21:36
      1  100.0%          Eval: ~<anonymous> node:internal/main/run_main_module:1:1
      1    4.8%      LazyCompile: ~normalizeString node:path:61:25
      1  100.0%        LazyCompile: ~resolve node:path:1012:10
      1  100.0%          LazyCompile: ~Module._initPaths node:internal/modules/cjs/loader:1201:29
      1  100.0%            LazyCompile: ~initializeCJSLoader node:internal/bootstrap/pre_execution:413:29
      1    4.8%      LazyCompile: ~WritableState node:internal/streams/writable:75:23
      1  100.0%        LazyCompile: ~Writable node:internal/streams/writable:238:18
      1  100.0%          LazyCompile: ~Duplex node:internal/streams/duplex:52:16
      1  100.0%            LazyCompile: ~Socket node:net:276:16
      1    4.8%      LazyCompile: ~Readable.removeListener node:internal/streams/readable:901:45
      1  100.0%        LazyCompile: ~value node:internal/console/constructor:261:20
      1  100.0%          LazyCompile: ~log node:internal/console/constructor:362:6
      1  100.0%            t __ZN4node9inspector12_GLOBAL__N_120InspectorConsoleCallERKN2v820FunctionCallbackInfoINS2_5ValueEEE
      1    4.8%      LazyCompile: ~Module.load node:internal/modules/cjs/loader:959:33
      1  100.0%        LazyCompile: ~Module._load node:internal/modules/cjs/loader:747:24
      1  100.0%          LazyCompile: ~executeUserEntryPoint node:internal/modules/run_main:69:31
      1  100.0%            Eval: ~<anonymous> node:internal/main/run_main_module:1:1
      1    4.8%      LazyCompile: ~Module._resolveFilename node:internal/modules/cjs/loader:839:35
      1  100.0%        LazyCompile: ~Module._load node:internal/modules/cjs/loader:747:24
      1  100.0%          LazyCompile: ~executeUserEntryPoint node:internal/modules/run_main:69:31
      1  100.0%            Eval: ~<anonymous> node:internal/main/run_main_module:1:1
      1    4.8%      Eval: ~<anonymous> node:internal/modules/esm/translators:1:1
      1  100.0%        LazyCompile: ~compileForInternalLoader node:internal/bootstrap/loaders:270:27
      1  100.0%          LazyCompile: ~nativeModuleRequire node:internal/bootstrap/loaders:303:29
      1  100.0%            Eval: ~<anonymous> node:internal/modules/esm/loader:1:1
      1    4.8%      Eval: ~<anonymous> node:internal/fs/promises:1:1
      1  100.0%        LazyCompile: ~compileForInternalLoader node:internal/bootstrap/loaders:270:27
      1  100.0%          LazyCompile: ~nativeModuleRequire node:internal/bootstrap/loaders:303:29
      1  100.0%            Eval: ~<anonymous> node:internal/modules/esm/get_source:1:1
      1    4.8%      Eval: ~<anonymous> node:fs:1:1
      1  100.0%        LazyCompile: ~compileForInternalLoader node:internal/bootstrap/loaders:270:27
      1  100.0%          LazyCompile: ~nativeModuleRequire node:internal/bootstrap/loaders:303:29
      1  100.0%            Eval: ~<anonymous> node:internal/source_map/source_map_cache:1:1
      2    6.1%    LazyCompile: ~fib /Users/umauma/Documents/AnyProject/wasm-speed-test/app/fib/js-fib/index.js:3:22
      2  100.0%      LazyCompile: ~fib /Users/umauma/Documents/AnyProject/wasm-speed-test/app/fib/js-fib/index.js:3:22
      2  100.0%        LazyCompile: ~fib /Users/umauma/Documents/AnyProject/wasm-speed-test/app/fib/js-fib/index.js:3:22
      2  100.0%          LazyCompile: ~fib /Users/umauma/Documents/AnyProject/wasm-speed-test/app/fib/js-fib/index.js:3:22
      2  100.0%            LazyCompile: ~fib /Users/umauma/Documents/AnyProject/wasm-speed-test/app/fib/js-fib/index.js:3:22
      1    3.0%    Eval: ~<anonymous> node:internal/net:1:1
      1  100.0%      LazyCompile: ~compileForInternalLoader node:internal/bootstrap/loaders:270:27
      1  100.0%        LazyCompile: ~nativeModuleRequire node:internal/bootstrap/loaders:303:29
      1  100.0%          Eval: ~<anonymous> node:net:1:1
      1  100.0%            LazyCompile: ~compileForInternalLoader node:internal/bootstrap/loaders:270:27

     12    1.1%  T __ZN4node13native_module15NativeModuleEnv15CompileFunctionERKN2v820FunctionCallbackInfoINS2_5ValueEEE
     12  100.0%    T __ZN2v88internal12AsmJsScannerC1EPNS0_20Utf16CharacterStreamE
     12  100.0%      LazyCompile: ~compileForInternalLoader node:internal/bootstrap/loaders:270:27
     12  100.0%        LazyCompile: ~nativeModuleRequire node:internal/bootstrap/loaders:303:29
      4   33.3%          Eval: ~<anonymous> node:internal/source_map/source_map_cache:1:1
      4  100.0%            LazyCompile: ~compileForInternalLoader node:internal/bootstrap/loaders:270:27
      2   16.7%          Eval: ~<anonymous> node:internal/modules/esm/loader:1:1
      2  100.0%            LazyCompile: ~compileForInternalLoader node:internal/bootstrap/loaders:270:27
      1    8.3%          LazyCompile: ~initializeCJSLoader node:internal/bootstrap/pre_execution:413:29
      1  100.0%            LazyCompile: ~prepareMainThreadExecution node:internal/bootstrap/pre_execution:21:36
      1    8.3%          Eval: ~<anonymous> node:tty:1:1
      1  100.0%            LazyCompile: ~compileForInternalLoader node:internal/bootstrap/loaders:270:27
      1    8.3%          Eval: ~<anonymous> node:perf_hooks:1:1
      1  100.0%            LazyCompile: ~compileForInternalLoader node:internal/bootstrap/loaders:270:27
      1    8.3%          Eval: ~<anonymous> node:internal/modules/esm/get_source:1:1
      1  100.0%            LazyCompile: ~compileForInternalLoader node:internal/bootstrap/loaders:270:27
      1    8.3%          Eval: ~<anonymous> node:internal/modules/cjs/loader:1:1
      1  100.0%            LazyCompile: ~compileForInternalLoader node:internal/bootstrap/loaders:270:27
      1    8.3%          Eval: ~<anonymous> node:internal/fs/promises:1:1
      1  100.0%            LazyCompile: ~compileForInternalLoader node:internal/bootstrap/loaders:270:27

