Statistical profiling result from ./isolate-0x118008000-2704-v8.log, (961 ticks, 137 unaccounted, 0 excluded).

 [Shared libraries]:
   ticks  total  nonlib   name
      4    0.4%          /usr/lib/system/libsystem_malloc.dylib
      4    0.4%          /usr/lib/system/libsystem_kernel.dylib
      3    0.3%          /usr/lib/system/libsystem_c.dylib
      2    0.2%          /usr/lib/system/libsystem_pthread.dylib
      2    0.2%          /usr/lib/libc++.1.dylib

 [JavaScript]:
   ticks  total  nonlib   name
    745   77.5%   78.8%  LazyCompile: *fib /Users/umauma/Documents/AnyProject/wasm-speed-test/app/fib/js-fib/index.js:3:22

 [C++]:
   ticks  total  nonlib   name
     27    2.8%    2.9%  T __ZN2v88internal12AsmJsScannerC1EPNS0_20Utf16CharacterStreamE
     14    1.5%    1.5%  T __ZN4node13native_module15NativeModuleEnv15CompileFunctionERKN2v820FunctionCallbackInfoINS2_5ValueEEE
     10    1.0%    1.1%  T _semaphore_create
      3    0.3%    0.3%  T __ZN4node7TTYWrap3NewERKN2v820FunctionCallbackInfoINS1_5ValueEEE
      2    0.2%    0.2%  t __ZN4nodeL3CwdERKN2v820FunctionCallbackInfoINS0_5ValueEEE
      1    0.1%    0.1%  t __platform_task_deallocate
      1    0.1%    0.1%  t __ZNSt3__124__put_character_sequenceIcNS_11char_traitsIcEEEERNS_13basic_ostreamIT_T0_EES7_PKS4_m
      1    0.1%    0.1%  t __ZNSt3__116__pad_and_outputIcNS_11char_traitsIcEEEENS_19ostreambuf_iteratorIT_T0_EES6_PKS4_S8_S8_RNS_8ios_baseES4_
      1    0.1%    0.1%  t __ZN4node2fsL4OpenERKN2v820FunctionCallbackInfoINS1_5ValueEEE
      1    0.1%    0.1%  t __ZN2v88internal11StringShape33DispatchToSpecificTypeWithoutCastIZNS1_22DispatchToSpecificTypeIZNS0_6String3GetEiE19StringGetDispatchertJRiEEET0_S4_DpOT1_E17CastingDispatchertJRS4_S6_EEES7_SA_
      1    0.1%    0.1%  T _platform_task_update_threads
      1    0.1%    0.1%  T ___commpage_gettimeofday
      1    0.1%    0.1%  T __ZN2v814ScriptCompiler24CompileFunctionInContextENS_5LocalINS_7ContextEEEPNS0_6SourceEmPNS1_INS_6StringEEEmPNS1_INS_6ObjectEEENS0_14CompileOptionsENS0_13NoCacheReasonEPNS1_INS_14ScriptOrModuleEEE

 [Summary]:
   ticks  total  nonlib   name
    745   77.5%   78.8%  JavaScript
     64    6.7%    6.8%  C++
      1    0.1%    0.1%  GC
     15    1.6%          Shared libraries
    137   14.3%          Unaccounted

 [C++ entry points]:
   ticks    cpp   total   name
     56   96.6%    5.8%  T __ZN2v88internal12AsmJsScannerC1EPNS0_20Utf16CharacterStreamE
      1    1.7%    0.1%  t __ZN4node9inspector12_GLOBAL__N_120InspectorConsoleCallERKN2v820FunctionCallbackInfoINS2_5ValueEEE
      1    1.7%    0.1%  T __ZN4node6loader10ModuleWrap8EvaluateERKN2v820FunctionCallbackInfoINS2_5ValueEEE

 [Bottom up (heavy) profile]:
  Note: percentage shows a share of a particular caller in the total
  amount of its parent calls.
  Callers occupying less than 1.0% are not shown.

   ticks parent  name
    745   77.5%  LazyCompile: *fib /Users/umauma/Documents/AnyProject/wasm-speed-test/app/fib/js-fib/index.js:3:22
    745  100.0%    LazyCompile: *fib /Users/umauma/Documents/AnyProject/wasm-speed-test/app/fib/js-fib/index.js:3:22
    745  100.0%      LazyCompile: *fib /Users/umauma/Documents/AnyProject/wasm-speed-test/app/fib/js-fib/index.js:3:22
    745  100.0%        LazyCompile: *fib /Users/umauma/Documents/AnyProject/wasm-speed-test/app/fib/js-fib/index.js:3:22
    745  100.0%          LazyCompile: *fib /Users/umauma/Documents/AnyProject/wasm-speed-test/app/fib/js-fib/index.js:3:22
    745  100.0%            LazyCompile: *fib /Users/umauma/Documents/AnyProject/wasm-speed-test/app/fib/js-fib/index.js:3:22

    137   14.3%  UNKNOWN
      2    1.5%    T __ZN2v88internal12AsmJsScannerC1EPNS0_20Utf16CharacterStreamE
      1   50.0%      LazyCompile: ~stat node:internal/modules/cjs/loader:144:14
      1  100.0%        LazyCompile: ~Module._findPath node:internal/modules/cjs/loader:484:28
      1  100.0%          LazyCompile: ~resolveMainPath node:internal/modules/run_main:12:25
      1  100.0%            LazyCompile: ~executeUserEntryPoint node:internal/modules/run_main:69:31
      1   50.0%      Eval: ~<anonymous> node:internal/modules/cjs/helpers:1:1
      1  100.0%        LazyCompile: ~compileForInternalLoader node:internal/bootstrap/loaders:270:27
      1  100.0%          LazyCompile: ~nativeModuleRequire node:internal/bootstrap/loaders:303:29
      1  100.0%            Eval: ~<anonymous> node:internal/source_map/source_map_cache:1:1

     27    2.8%  T __ZN2v88internal12AsmJsScannerC1EPNS0_20Utf16CharacterStreamE
     17   63.0%    T __ZN2v88internal12AsmJsScannerC1EPNS0_20Utf16CharacterStreamE
      1    5.9%      t __ZN4node9inspector12_GLOBAL__N_120InspectorConsoleCallERKN2v820FunctionCallbackInfoINS2_5ValueEEE
      1  100.0%        Eval: ~<anonymous> /Users/umauma/Documents/AnyProject/wasm-speed-test/app/fib/js-fib/index.js:1:1
      1  100.0%          LazyCompile: ~Module._compile node:internal/modules/cjs/loader:1045:37
      1  100.0%            LazyCompile: ~Module._extensions..js node:internal/modules/cjs/loader:1100:37
      1    5.9%      T __ZN2v88internal12AsmJsScannerC1EPNS0_20Utf16CharacterStreamE
      1  100.0%        LazyCompile: ~Module._findPath node:internal/modules/cjs/loader:484:28
      1  100.0%          LazyCompile: ~Module._resolveFilename node:internal/modules/cjs/loader:839:35
      1  100.0%            LazyCompile: ~Module._load node:internal/modules/cjs/loader:747:24
      1    5.9%      LazyCompile: ~wrappedCwd node:internal/bootstrap/switches/does_own_process_state:124:20
      1  100.0%        LazyCompile: ~resolve node:path:1012:10
      1  100.0%          LazyCompile: ~patchProcessObject node:internal/bootstrap/pre_execution:78:28
      1  100.0%            LazyCompile: ~prepareMainThreadExecution node:internal/bootstrap/pre_execution:21:36
      1    5.9%      LazyCompile: ~value node:internal/console/constructor:324:20
      1  100.0%        LazyCompile: ~log node:internal/console/constructor:362:6
      1  100.0%          t __ZN4node9inspector12_GLOBAL__N_120InspectorConsoleCallERKN2v820FunctionCallbackInfoINS2_5ValueEEE
      1  100.0%            Eval: ~<anonymous> /Users/umauma/Documents/AnyProject/wasm-speed-test/app/fib/js-fib/index.js:1:1
      1    5.9%      LazyCompile: ~toString node:buffer:783:46
      1  100.0%        LazyCompile: ~readFileSync node:fs:390:22
      1  100.0%          LazyCompile: ~Module._extensions..js node:internal/modules/cjs/loader:1100:37
      1  100.0%            LazyCompile: ~Module.load node:internal/modules/cjs/loader:959:33
      1    5.9%      LazyCompile: ~prepareMainThreadExecution node:internal/bootstrap/pre_execution:21:36
      1  100.0%        Eval: ~<anonymous> node:internal/main/run_main_module:1:1
      1    5.9%      LazyCompile: ~patchProcessObject node:internal/bootstrap/pre_execution:78:28
      1  100.0%        LazyCompile: ~prepareMainThreadExecution node:internal/bootstrap/pre_execution:21:36
      1  100.0%          Eval: ~<anonymous> node:internal/main/run_main_module:1:1
      1    5.9%      LazyCompile: ~formatValue node:internal/util/inspect:720:21
      1  100.0%        LazyCompile: ~inspect node:internal/util/inspect:282:17
      1  100.0%          LazyCompile: ~formatWithOptionsInternal node:internal/util/inspect:1884:35
      1  100.0%            LazyCompile: ~formatWithOptions node:internal/util/inspect:1876:27
      1    5.9%      LazyCompile: ~finishMaybe node:internal/streams/writable:715:21
      1  100.0%        LazyCompile: ~afterWrite node:internal/streams/writable:493:20
      1  100.0%          LazyCompile: ~afterWriteTick node:internal/streams/writable:488:24
      1  100.0%            LazyCompile: ~processTicksAndRejections node:internal/process/task_queues:66:35
      1    5.9%      LazyCompile: ~fib /Users/umauma/Documents/AnyProject/wasm-speed-test/app/fib/js-fib/index.js:3:22
      1  100.0%        LazyCompile: ~fib /Users/umauma/Documents/AnyProject/wasm-speed-test/app/fib/js-fib/index.js:3:22
      1  100.0%          LazyCompile: ~fib /Users/umauma/Documents/AnyProject/wasm-speed-test/app/fib/js-fib/index.js:3:22
      1  100.0%            LazyCompile: ~fib /Users/umauma/Documents/AnyProject/wasm-speed-test/app/fib/js-fib/index.js:3:22
      1    5.9%      LazyCompile: ~emit node:events:327:44
      1  100.0%        LazyCompile: ~_addListener node:events:406:22
      1  100.0%          LazyCompile: ~addListener node:events:468:58
      1  100.0%            LazyCompile: ~setupWarningHandler node:internal/bootstrap/pre_execution:138:29
      1    5.9%      LazyCompile: ~_addListener node:events:406:22
      1  100.0%        LazyCompile: ~addListener node:events:468:58
      1  100.0%          LazyCompile: ~setupWarningHandler node:internal/bootstrap/pre_execution:138:29
      1  100.0%            LazyCompile: ~prepareMainThreadExecution node:internal/bootstrap/pre_execution:21:36
      1    5.9%      LazyCompile: ~WritableState node:internal/streams/writable:75:23
      1  100.0%        LazyCompile: ~Writable node:internal/streams/writable:238:18
      1  100.0%          LazyCompile: ~Duplex node:internal/streams/duplex:52:16
      1  100.0%            LazyCompile: ~Socket node:net:276:16
      1    5.9%      Eval: ~<anonymous> node:net:1:1
      1  100.0%        LazyCompile: ~compileForInternalLoader node:internal/bootstrap/loaders:270:27
      1  100.0%          LazyCompile: ~nativeModuleRequire node:internal/bootstrap/loaders:303:29
      1  100.0%            Eval: ~<anonymous> node:tty:1:1
      1    5.9%      Eval: ~<anonymous> node:internal/options:1:1
      1  100.0%        LazyCompile: ~compileForInternalLoader node:internal/bootstrap/loaders:270:27
      1  100.0%          LazyCompile: ~nativeModuleRequire node:internal/bootstrap/loaders:303:29
      1  100.0%            Eval: ~<anonymous> node:internal/bootstrap/pre_execution:1:1
      1    5.9%      Eval: ~<anonymous> node:internal/modules/cjs/loader:1:1
      1  100.0%        LazyCompile: ~compileForInternalLoader node:internal/bootstrap/loaders:270:27
      1  100.0%          LazyCompile: ~nativeModuleRequire node:internal/bootstrap/loaders:303:29
      1  100.0%            LazyCompile: ~initializeCJSLoader node:internal/bootstrap/pre_execution:413:29
      1    5.9%      Eval: ~<anonymous> node:internal/fs/utils:1:1
      1  100.0%        LazyCompile: ~compileForInternalLoader node:internal/bootstrap/loaders:270:27
      1  100.0%          LazyCompile: ~nativeModuleRequire node:internal/bootstrap/loaders:303:29
      1  100.0%            Eval: ~<anonymous> node:fs:1:1
      1    3.7%    T __ZN4node6loader10ModuleWrap8EvaluateERKN2v820FunctionCallbackInfoINS2_5ValueEEE
      1  100.0%      LazyCompile: ~getESMFacade node:internal/bootstrap/loaders:237:15
      1  100.0%        LazyCompile: ~compileForPublicLoader node:internal/bootstrap/loaders:219:25
      1  100.0%          LazyCompile: ~loadNativeModule node:internal/modules/cjs/helpers:35:26
      1  100.0%            LazyCompile: ~Module._load node:internal/modules/cjs/loader:747:24
      1    3.7%    LazyCompile: ~normalizeString node:path:61:25
      1  100.0%      LazyCompile: ~resolve node:path:1012:10
      1  100.0%        LazyCompile: ~realpathSync node:fs:1715:22
      1  100.0%          LazyCompile: ~toRealPath node:internal/modules/cjs/loader:383:20
      1  100.0%            LazyCompile: ~resolveMainPath node:internal/modules/run_main:12:25
      1    3.7%    LazyCompile: ~initializeDeprecations node:internal/bootstrap/pre_execution:242:32
      1  100.0%      LazyCompile: ~prepareMainThreadExecution node:internal/bootstrap/pre_execution:21:36
      1  100.0%        Eval: ~<anonymous> node:internal/main/run_main_module:1:1
      1    3.7%    LazyCompile: ~fib /Users/umauma/Documents/AnyProject/wasm-speed-test/app/fib/js-fib/index.js:3:22
      1  100.0%      LazyCompile: ~fib /Users/umauma/Documents/AnyProject/wasm-speed-test/app/fib/js-fib/index.js:3:22
      1  100.0%        LazyCompile: ~fib /Users/umauma/Documents/AnyProject/wasm-speed-test/app/fib/js-fib/index.js:3:22
      1  100.0%          LazyCompile: ~fib /Users/umauma/Documents/AnyProject/wasm-speed-test/app/fib/js-fib/index.js:3:22
      1  100.0%            LazyCompile: ~fib /Users/umauma/Documents/AnyProject/wasm-speed-test/app/fib/js-fib/index.js:3:22
      1    3.7%    Eval: ~<anonymous> node:perf_hooks:1:1
      1  100.0%      LazyCompile: ~compileForInternalLoader node:internal/bootstrap/loaders:270:27
      1  100.0%        LazyCompile: ~compileForPublicLoader node:internal/bootstrap/loaders:219:25
      1  100.0%          LazyCompile: ~loadNativeModule node:internal/modules/cjs/helpers:35:26
      1  100.0%            LazyCompile: ~Module._load node:internal/modules/cjs/loader:747:24
      1    3.7%    Eval: ~<anonymous> node:internal/modules/cjs/loader:1:1
      1  100.0%      LazyCompile: ~compileForInternalLoader node:internal/bootstrap/loaders:270:27
      1  100.0%        LazyCompile: ~nativeModuleRequire node:internal/bootstrap/loaders:303:29
      1  100.0%          LazyCompile: ~initializeCJSLoader node:internal/bootstrap/pre_execution:413:29
      1  100.0%            LazyCompile: ~prepareMainThreadExecution node:internal/bootstrap/pre_execution:21:36

     14    1.5%  T __ZN4node13native_module15NativeModuleEnv15CompileFunctionERKN2v820FunctionCallbackInfoINS2_5ValueEEE
     14  100.0%    T __ZN2v88internal12AsmJsScannerC1EPNS0_20Utf16CharacterStreamE
     14  100.0%      LazyCompile: ~compileForInternalLoader node:internal/bootstrap/loaders:270:27
     14  100.0%        LazyCompile: ~nativeModuleRequire node:internal/bootstrap/loaders:303:29
      3   21.4%          Eval: ~<anonymous> node:internal/source_map/source_map_cache:1:1
      3  100.0%            LazyCompile: ~compileForInternalLoader node:internal/bootstrap/loaders:270:27
      2   14.3%          LazyCompile: ~initializeReport node:internal/bootstrap/pre_execution:179:26
      2  100.0%            LazyCompile: ~prepareMainThreadExecution node:internal/bootstrap/pre_execution:21:36
      2   14.3%          Eval: ~<anonymous> node:internal/modules/esm/loader:1:1
      2  100.0%            LazyCompile: ~compileForInternalLoader node:internal/bootstrap/loaders:270:27
      2   14.3%          Eval: ~<anonymous> node:internal/modules/cjs/loader:1:1
      2  100.0%            LazyCompile: ~compileForInternalLoader node:internal/bootstrap/loaders:270:27
      1    7.1%          LazyCompile: ~setupInspectorHooks node:internal/bootstrap/pre_execution:224:29
      1  100.0%            LazyCompile: ~prepareMainThreadExecution node:internal/bootstrap/pre_execution:21:36
      1    7.1%          Eval: ~<anonymous> node:tty:1:1
      1  100.0%            LazyCompile: ~compileForInternalLoader node:internal/bootstrap/loaders:270:27
      1    7.1%          Eval: ~<anonymous> node:internal/process/esm_loader:1:1
      1  100.0%            LazyCompile: ~compileForInternalLoader node:internal/bootstrap/loaders:270:27
      1    7.1%          Eval: ~<anonymous> node:internal/modules/esm/get_source:1:1
      1  100.0%            LazyCompile: ~compileForInternalLoader node:internal/bootstrap/loaders:270:27
      1    7.1%          Eval: ~<anonymous> node:fs:1:1
      1  100.0%            LazyCompile: ~compileForInternalLoader node:internal/bootstrap/loaders:270:27

     10    1.0%  T _semaphore_create
      6   60.0%    T __ZN2v88internal12AsmJsScannerC1EPNS0_20Utf16CharacterStreamE
      1   16.7%      LazyCompile: ~normalizeString node:path:61:25
      1  100.0%        LazyCompile: ~resolve node:path:1012:10
      1  100.0%          LazyCompile: ~Module._initPaths node:internal/modules/cjs/loader:1201:29
      1  100.0%            LazyCompile: ~initializeCJSLoader node:internal/bootstrap/pre_execution:413:29
      1   16.7%      LazyCompile: ~Module._nodeModulePaths node:internal/modules/cjs/loader:619:37
      1  100.0%        LazyCompile: ~Module.load node:internal/modules/cjs/loader:959:33
      1  100.0%          LazyCompile: ~Module._load node:internal/modules/cjs/loader:747:24
      1  100.0%            LazyCompile: ~executeUserEntryPoint node:internal/modules/run_main:69:31
      1   16.7%      Eval: ~<anonymous> node:internal/modules/cjs/loader:1:1
      1  100.0%        LazyCompile: ~compileForInternalLoader node:internal/bootstrap/loaders:270:27
      1  100.0%          LazyCompile: ~nativeModuleRequire node:internal/bootstrap/loaders:303:29
      1  100.0%            LazyCompile: ~initializeCJSLoader node:internal/bootstrap/pre_execution:413:29
      1   16.7%      Eval: ~<anonymous> node:internal/fs/watchers:1:1
      1  100.0%        LazyCompile: ~compileForInternalLoader node:internal/bootstrap/loaders:270:27
      1  100.0%          LazyCompile: ~nativeModuleRequire node:internal/bootstrap/loaders:303:29
      1  100.0%            Eval: ~<anonymous> node:internal/fs/promises:1:1
      1   16.7%      Eval: ~<anonymous> node:internal/fs/utils:1:1
      1  100.0%        LazyCompile: ~compileForInternalLoader node:internal/bootstrap/loaders:270:27
      1  100.0%          LazyCompile: ~nativeModuleRequire node:internal/bootstrap/loaders:303:29
      1  100.0%            Eval: ~<anonymous> node:fs:1:1
      1   16.7%      Eval: ~<anonymous> node:fs:1:1
      1  100.0%        LazyCompile: ~compileForInternalLoader node:internal/bootstrap/loaders:270:27
      1  100.0%          LazyCompile: ~nativeModuleRequire node:internal/bootstrap/loaders:303:29
      1  100.0%            Eval: ~<anonymous> node:internal/source_map/source_map_cache:1:1

