Statistical profiling result from ./isolate-0x118008000-2595-v8.log, (957 ticks, 116 unaccounted, 0 excluded).

 [Shared libraries]:
   ticks  total  nonlib   name
      3    0.3%          /usr/lib/system/libsystem_pthread.dylib
      3    0.3%          /usr/lib/system/libsystem_malloc.dylib
      3    0.3%          /usr/lib/system/libsystem_kernel.dylib
      2    0.2%          /usr/lib/system/libsystem_c.dylib
      2    0.2%          /usr/lib/libc++.1.dylib

 [JavaScript]:
   ticks  total  nonlib   name
    760   79.4%   80.5%  LazyCompile: *fib /Users/umauma/Documents/AnyProject/wasm-speed-test/app/fib/js-fib/index.js:3:22

 [C++]:
   ticks  total  nonlib   name
     26    2.7%    2.8%  T __ZN2v88internal12AsmJsScannerC1EPNS0_20Utf16CharacterStreamE
     16    1.7%    1.7%  T __ZN4node13native_module15NativeModuleEnv15CompileFunctionERKN2v820FunctionCallbackInfoINS2_5ValueEEE
     13    1.4%    1.4%  T _semaphore_create
      3    0.3%    0.3%  t __ZN4nodeL3CwdERKN2v820FunctionCallbackInfoINS0_5ValueEEE
      3    0.3%    0.3%  T __ZN4node7TTYWrap3NewERKN2v820FunctionCallbackInfoINS1_5ValueEEE
      1    0.1%    0.1%  t __ZNSt3__127__tree_balance_after_insertIPNS_16__tree_node_baseIPvEEEEvT_S5_
      1    0.1%    0.1%  t __ZNSt3__124__put_character_sequenceIcNS_11char_traitsIcEEEERNS_13basic_ostreamIT_T0_EES7_PKS4_m
      1    0.1%    0.1%  t __ZN4node2fsL4OpenERKN2v820FunctionCallbackInfoINS1_5ValueEEE
      1    0.1%    0.1%  T _platform_task_update_threads
      1    0.1%    0.1%  T _fcntl
      1    0.1%    0.1%  T ___commpage_gettimeofday
      1    0.1%    0.1%  T __ZN4node7binding18GetInternalBindingERKN2v820FunctionCallbackInfoINS1_5ValueEEE

 [Summary]:
   ticks  total  nonlib   name
    760   79.4%   80.5%  JavaScript
     68    7.1%    7.2%  C++
      1    0.1%    0.1%  GC
     13    1.4%          Shared libraries
    116   12.1%          Unaccounted

 [C++ entry points]:
   ticks    cpp   total   name
     61  100.0%    6.4%  T __ZN2v88internal12AsmJsScannerC1EPNS0_20Utf16CharacterStreamE

 [Bottom up (heavy) profile]:
  Note: percentage shows a share of a particular caller in the total
  amount of its parent calls.
  Callers occupying less than 1.0% are not shown.

   ticks parent  name
    760   79.4%  LazyCompile: *fib /Users/umauma/Documents/AnyProject/wasm-speed-test/app/fib/js-fib/index.js:3:22
    760  100.0%    LazyCompile: *fib /Users/umauma/Documents/AnyProject/wasm-speed-test/app/fib/js-fib/index.js:3:22
    760  100.0%      LazyCompile: *fib /Users/umauma/Documents/AnyProject/wasm-speed-test/app/fib/js-fib/index.js:3:22
    760  100.0%        LazyCompile: *fib /Users/umauma/Documents/AnyProject/wasm-speed-test/app/fib/js-fib/index.js:3:22
    760  100.0%          LazyCompile: *fib /Users/umauma/Documents/AnyProject/wasm-speed-test/app/fib/js-fib/index.js:3:22
    760  100.0%            LazyCompile: *fib /Users/umauma/Documents/AnyProject/wasm-speed-test/app/fib/js-fib/index.js:3:22

    116   12.1%  UNKNOWN
      2    1.7%    T __ZN2v88internal12AsmJsScannerC1EPNS0_20Utf16CharacterStreamE
      1   50.0%      LazyCompile: ~startListeningIfSignal node:internal/process/signal:22:32
      1  100.0%        LazyCompile: ~emit node:events:327:44
      1  100.0%          LazyCompile: ~_addListener node:events:406:22
      1  100.0%            LazyCompile: ~addListener node:events:468:58
      1   50.0%      LazyCompile: ~Module._compile node:internal/modules/cjs/loader:1045:37
      1  100.0%        LazyCompile: ~Module._extensions..js node:internal/modules/cjs/loader:1100:37
      1  100.0%          LazyCompile: ~Module.load node:internal/modules/cjs/loader:959:33
      1  100.0%            LazyCompile: ~Module._load node:internal/modules/cjs/loader:747:24

     26    2.7%  T __ZN2v88internal12AsmJsScannerC1EPNS0_20Utf16CharacterStreamE
     20   76.9%    T __ZN2v88internal12AsmJsScannerC1EPNS0_20Utf16CharacterStreamE
      2   10.0%      LazyCompile: ~fib /Users/umauma/Documents/AnyProject/wasm-speed-test/app/fib/js-fib/index.js:3:22
      2  100.0%        LazyCompile: ~fib /Users/umauma/Documents/AnyProject/wasm-speed-test/app/fib/js-fib/index.js:3:22
      2  100.0%          LazyCompile: ~fib /Users/umauma/Documents/AnyProject/wasm-speed-test/app/fib/js-fib/index.js:3:22
      2  100.0%            LazyCompile: ~fib /Users/umauma/Documents/AnyProject/wasm-speed-test/app/fib/js-fib/index.js:3:22
      2   10.0%      Eval: ~<anonymous> node:internal/options:1:1
      2  100.0%        LazyCompile: ~compileForInternalLoader node:internal/bootstrap/loaders:270:27
      2  100.0%          LazyCompile: ~nativeModuleRequire node:internal/bootstrap/loaders:303:29
      2  100.0%            Eval: ~<anonymous> node:internal/bootstrap/pre_execution:1:1
      2   10.0%      Eval: ~<anonymous> node:fs:1:1
      2  100.0%        LazyCompile: ~compileForInternalLoader node:internal/bootstrap/loaders:270:27
      2  100.0%          LazyCompile: ~nativeModuleRequire node:internal/bootstrap/loaders:303:29
      2  100.0%            Eval: ~<anonymous> node:internal/source_map/source_map_cache:1:1
      1    5.0%      LazyCompile: ~realpathSync node:fs:1715:22
      1  100.0%        LazyCompile: ~toRealPath node:internal/modules/cjs/loader:383:20
      1  100.0%          LazyCompile: ~Module._findPath node:internal/modules/cjs/loader:484:28
      1  100.0%            LazyCompile: ~resolveMainPath node:internal/modules/run_main:12:25
      1    5.0%      LazyCompile: ~patchProcessObject node:internal/bootstrap/pre_execution:78:28
      1  100.0%        LazyCompile: ~prepareMainThreadExecution node:internal/bootstrap/pre_execution:21:36
      1  100.0%          Eval: ~<anonymous> node:internal/main/run_main_module:1:1
      1    5.0%      LazyCompile: ~makeSafe node:internal/per_context/primordials:278:18
      1  100.0%        Eval: ~<anonymous> node:internal/util/iterable_weak_map:1:1
      1  100.0%          LazyCompile: ~compileForInternalLoader node:internal/bootstrap/loaders:270:27
      1  100.0%            LazyCompile: ~nativeModuleRequire node:internal/bootstrap/loaders:303:29
      1    5.0%      LazyCompile: ~findLongestRegisteredExtension node:internal/modules/cjs/loader:403:40
      1  100.0%        LazyCompile: ~Module.load node:internal/modules/cjs/loader:959:33
      1  100.0%          LazyCompile: ~Module._load node:internal/modules/cjs/loader:747:24
      1  100.0%            LazyCompile: ~executeUserEntryPoint node:internal/modules/run_main:69:31
      1    5.0%      LazyCompile: ~executeUserEntryPoint node:internal/modules/run_main:69:31
      1  100.0%        Eval: ~<anonymous> node:internal/main/run_main_module:1:1
      1    5.0%      LazyCompile: ~createWritableStdioStream node:internal/bootstrap/switches/is_main_thread:41:35
      1  100.0%        LazyCompile: ~getStdout node:internal/bootstrap/switches/is_main_thread:120:19
      1  100.0%          LazyCompile: ~get node:internal/console/constructor:206:14
      1  100.0%            LazyCompile: ~value node:internal/console/constructor:324:20
      1    5.0%      LazyCompile: ~addListener node:events:468:58
      1  100.0%        LazyCompile: ~setupWarningHandler node:internal/bootstrap/pre_execution:138:29
      1  100.0%          LazyCompile: ~prepareMainThreadExecution node:internal/bootstrap/pre_execution:21:36
      1  100.0%            Eval: ~<anonymous> node:internal/main/run_main_module:1:1
      1    5.0%      LazyCompile: ~WritableState node:internal/streams/writable:75:23
      1  100.0%        LazyCompile: ~Writable node:internal/streams/writable:238:18
      1  100.0%          LazyCompile: ~Duplex node:internal/streams/duplex:52:16
      1  100.0%            LazyCompile: ~Socket node:net:276:16
      1    5.0%      LazyCompile: ~Writable.write node:internal/streams/writable:293:36
      1  100.0%        LazyCompile: ~value node:internal/console/constructor:261:20
      1  100.0%          LazyCompile: ~log node:internal/console/constructor:362:6
      1  100.0%            t __ZN4node9inspector12_GLOBAL__N_120InspectorConsoleCallERKN2v820FunctionCallbackInfoINS2_5ValueEEE
      1    5.0%      LazyCompile: ~Module._findPath node:internal/modules/cjs/loader:484:28
      1  100.0%        LazyCompile: ~resolveMainPath node:internal/modules/run_main:12:25
      1  100.0%          LazyCompile: ~executeUserEntryPoint node:internal/modules/run_main:69:31
      1  100.0%            Eval: ~<anonymous> node:internal/main/run_main_module:1:1
      1    5.0%      Eval: ~<anonymous> node:internal/vm/module:1:1
      1  100.0%        LazyCompile: ~compileForInternalLoader node:internal/bootstrap/loaders:270:27
      1  100.0%          LazyCompile: ~nativeModuleRequire node:internal/bootstrap/loaders:303:29
      1  100.0%            Eval: ~<anonymous> node:internal/process/esm_loader:1:1
      1    5.0%      Eval: ~<anonymous> node:internal/modules/cjs/loader:1:1
      1  100.0%        LazyCompile: ~compileForInternalLoader node:internal/bootstrap/loaders:270:27
      1  100.0%          LazyCompile: ~nativeModuleRequire node:internal/bootstrap/loaders:303:29
      1  100.0%            LazyCompile: ~initializeCJSLoader node:internal/bootstrap/pre_execution:413:29
      1    5.0%      Eval: ~<anonymous> node:internal/histogram:1:1
      1  100.0%        LazyCompile: ~compileForInternalLoader node:internal/bootstrap/loaders:270:27
      1  100.0%          LazyCompile: ~nativeModuleRequire node:internal/bootstrap/loaders:303:29
      1  100.0%            Eval: ~<anonymous> node:perf_hooks:1:1
      1    5.0%      Eval: ~<anonymous> node:internal/fs/promises:1:1
      1  100.0%        LazyCompile: ~compileForInternalLoader node:internal/bootstrap/loaders:270:27
      1  100.0%          LazyCompile: ~nativeModuleRequire node:internal/bootstrap/loaders:303:29
      1  100.0%            Eval: ~<anonymous> node:internal/modules/esm/get_source:1:1
      1    3.8%    LazyCompile: ~initializeDeprecations node:internal/bootstrap/pre_execution:242:32
      1  100.0%      LazyCompile: ~prepareMainThreadExecution node:internal/bootstrap/pre_execution:21:36
      1  100.0%        Eval: ~<anonymous> node:internal/main/run_main_module:1:1
      1    3.8%    LazyCompile: ~fib /Users/umauma/Documents/AnyProject/wasm-speed-test/app/fib/js-fib/index.js:3:22
      1  100.0%      LazyCompile: ~fib /Users/umauma/Documents/AnyProject/wasm-speed-test/app/fib/js-fib/index.js:3:22
      1  100.0%        LazyCompile: ~fib /Users/umauma/Documents/AnyProject/wasm-speed-test/app/fib/js-fib/index.js:3:22
      1  100.0%          LazyCompile: ~fib /Users/umauma/Documents/AnyProject/wasm-speed-test/app/fib/js-fib/index.js:3:22
      1  100.0%            LazyCompile: ~fib /Users/umauma/Documents/AnyProject/wasm-speed-test/app/fib/js-fib/index.js:3:22
      1    3.8%    Eval: ~<anonymous> node:vm:1:1
      1  100.0%      LazyCompile: ~compileForInternalLoader node:internal/bootstrap/loaders:270:27
      1  100.0%        LazyCompile: ~nativeModuleRequire node:internal/bootstrap/loaders:303:29
      1  100.0%          Eval: ~<anonymous> node:internal/modules/cjs/loader:1:1
      1  100.0%            LazyCompile: ~compileForInternalLoader node:internal/bootstrap/loaders:270:27

     16    1.7%  T __ZN4node13native_module15NativeModuleEnv15CompileFunctionERKN2v820FunctionCallbackInfoINS2_5ValueEEE
     16  100.0%    T __ZN2v88internal12AsmJsScannerC1EPNS0_20Utf16CharacterStreamE
     16  100.0%      LazyCompile: ~compileForInternalLoader node:internal/bootstrap/loaders:270:27
     16  100.0%        LazyCompile: ~nativeModuleRequire node:internal/bootstrap/loaders:303:29
      4   25.0%          LazyCompile: ~setupInspectorHooks node:internal/bootstrap/pre_execution:224:29
      4  100.0%            LazyCompile: ~prepareMainThreadExecution node:internal/bootstrap/pre_execution:21:36
      2   12.5%          LazyCompile: ~initializeCJSLoader node:internal/bootstrap/pre_execution:413:29
      2  100.0%            LazyCompile: ~prepareMainThreadExecution node:internal/bootstrap/pre_execution:21:36
      2   12.5%          Eval: ~<anonymous> node:internal/source_map/source_map_cache:1:1
      2  100.0%            LazyCompile: ~compileForInternalLoader node:internal/bootstrap/loaders:270:27
      2   12.5%          Eval: ~<anonymous> node:internal/modules/esm/loader:1:1
      2  100.0%            LazyCompile: ~compileForInternalLoader node:internal/bootstrap/loaders:270:27
      1    6.3%          LazyCompile: ~createWritableStdioStream node:internal/bootstrap/switches/is_main_thread:41:35
      1  100.0%            LazyCompile: ~getStdout node:internal/bootstrap/switches/is_main_thread:120:19
      1    6.3%          Eval: ~<anonymous> node:net:1:1
      1  100.0%            LazyCompile: ~compileForInternalLoader node:internal/bootstrap/loaders:270:27
      1    6.3%          Eval: ~<anonymous> node:internal/process/esm_loader:1:1
      1  100.0%            LazyCompile: ~compileForInternalLoader node:internal/bootstrap/loaders:270:27
      1    6.3%          Eval: ~<anonymous> node:internal/modules/package_json_reader:1:1
      1  100.0%            LazyCompile: ~compileForInternalLoader node:internal/bootstrap/loaders:270:27
      1    6.3%          Eval: ~<anonymous> node:internal/modules/cjs/loader:1:1
      1  100.0%            LazyCompile: ~compileForInternalLoader node:internal/bootstrap/loaders:270:27
      1    6.3%          Eval: ~<anonymous> node:internal/fs/promises:1:1
      1  100.0%            LazyCompile: ~compileForInternalLoader node:internal/bootstrap/loaders:270:27

     13    1.4%  T _semaphore_create
      8   61.5%    T __ZN2v88internal12AsmJsScannerC1EPNS0_20Utf16CharacterStreamE
      1   12.5%      LazyCompile: ~value node:internal/console/constructor:261:20
      1  100.0%        LazyCompile: ~log node:internal/console/constructor:362:6
      1  100.0%          t __ZN4node9inspector12_GLOBAL__N_120InspectorConsoleCallERKN2v820FunctionCallbackInfoINS2_5ValueEEE
      1  100.0%            Eval: ~<anonymous> /Users/umauma/Documents/AnyProject/wasm-speed-test/app/fib/js-fib/index.js:1:1
      1   12.5%      LazyCompile: ~syncExports node:internal/bootstrap/loaders:258:14
      1  100.0%        LazyCompile: ~<anonymous> node:internal/bootstrap/loaders:244:15
      1  100.0%          T __ZN4node6loader10ModuleWrap8EvaluateERKN2v820FunctionCallbackInfoINS2_5ValueEEE
      1  100.0%            LazyCompile: ~getESMFacade node:internal/bootstrap/loaders:237:15
      1   12.5%      LazyCompile: ~prepareMainThreadExecution node:internal/bootstrap/pre_execution:21:36
      1  100.0%        Eval: ~<anonymous> node:internal/main/run_main_module:1:1
      1   12.5%      LazyCompile: ~normalizeString node:path:61:25
      1  100.0%        LazyCompile: ~resolve node:path:1012:10
      1  100.0%          LazyCompile: ~Module._initPaths node:internal/modules/cjs/loader:1201:29
      1  100.0%            LazyCompile: ~initializeCJSLoader node:internal/bootstrap/pre_execution:413:29
      1   12.5%      LazyCompile: ~nativeModuleRequire node:internal/bootstrap/loaders:303:29
      1  100.0%        Eval: ~<anonymous> node:internal/main/run_main_module:1:1
      1   12.5%      LazyCompile: ~fromStringFast node:buffer:413:24
      1  100.0%        LazyCompile: ~fromString node:buffer:432:20
      1  100.0%          LazyCompile: ~from node:buffer:296:28
      1  100.0%            Eval: ~<anonymous> node:internal/fs/utils:1:1
      1   12.5%      Eval: ~<anonymous> node:internal/fs/utils:1:1
      1  100.0%        LazyCompile: ~compileForInternalLoader node:internal/bootstrap/loaders:270:27
      1  100.0%          LazyCompile: ~nativeModuleRequire node:internal/bootstrap/loaders:303:29
      1  100.0%            Eval: ~<anonymous> node:fs:1:1
      1   12.5%      Eval: ~<anonymous> node:fs:1:1
      1  100.0%        LazyCompile: ~compileForInternalLoader node:internal/bootstrap/loaders:270:27
      1  100.0%          LazyCompile: ~nativeModuleRequire node:internal/bootstrap/loaders:303:29
      1  100.0%            Eval: ~<anonymous> node:internal/source_map/source_map_cache:1:1

