Statistical profiling result from ./isolate-0x118008000-2677-v8.log, (1053 ticks, 140 unaccounted, 0 excluded).

 [Shared libraries]:
   ticks  total  nonlib   name
      5    0.5%          /usr/lib/system/libsystem_malloc.dylib
      4    0.4%          /usr/lib/system/libsystem_c.dylib
      2    0.2%          /usr/lib/libc++.1.dylib
      1    0.1%          /usr/lib/system/libsystem_platform.dylib

 [JavaScript]:
   ticks  total  nonlib   name
    835   79.3%   80.2%  LazyCompile: *fib /Users/umauma/Documents/AnyProject/wasm-speed-test/app/fib/js-fib/index.js:3:22

 [C++]:
   ticks  total  nonlib   name
     30    2.8%    2.9%  T __ZN2v88internal12AsmJsScannerC1EPNS0_20Utf16CharacterStreamE
     14    1.3%    1.3%  T __ZN4node13native_module15NativeModuleEnv15CompileFunctionERKN2v820FunctionCallbackInfoINS2_5ValueEEE
     11    1.0%    1.1%  T _semaphore_create
      2    0.2%    0.2%  t __ZN4nodeL3CwdERKN2v820FunctionCallbackInfoINS0_5ValueEEE
      2    0.2%    0.2%  T __ZN4node7TTYWrap3NewERKN2v820FunctionCallbackInfoINS1_5ValueEEE
      1    0.1%    0.1%  t __platform_task_deallocate
      1    0.1%    0.1%  t __ZNSt3__116__pad_and_outputIcNS_11char_traitsIcEEEENS_19ostreambuf_iteratorIT_T0_EES6_PKS4_S8_S8_RNS_8ios_baseES4_
      1    0.1%    0.1%  t __ZN2v88internal11StringShape33DispatchToSpecificTypeWithoutCastIZNS1_22DispatchToSpecificTypeIZNS0_6String3GetEiE19StringGetDispatchertJRiEEET0_S4_DpOT1_E17CastingDispatchertJRS4_S6_EEES7_SA_
      1    0.1%    0.1%  T ___commpage_gettimeofday
      1    0.1%    0.1%  T __ZN4node7binding18GetInternalBindingERKN2v820FunctionCallbackInfoINS1_5ValueEEE
      1    0.1%    0.1%  T __ZN4node6loader10ModuleWrap8EvaluateERKN2v820FunctionCallbackInfoINS2_5ValueEEE
      1    0.1%    0.1%  T __ZN2v810NewContextEPNS_7IsolateEPNS_22ExtensionConfigurationENS_10MaybeLocalINS_14ObjectTemplateEEENS4_INS_5ValueEEEmNS_33DeserializeInternalFieldsCallbackEPNS_14MicrotaskQueueE

 [Summary]:
   ticks  total  nonlib   name
    835   79.3%   80.2%  JavaScript
     66    6.3%    6.3%  C++
      0    0.0%    0.0%  GC
     12    1.1%          Shared libraries
    140   13.3%          Unaccounted

 [C++ entry points]:
   ticks    cpp   total   name
     54  100.0%    5.1%  T __ZN2v88internal12AsmJsScannerC1EPNS0_20Utf16CharacterStreamE

 [Bottom up (heavy) profile]:
  Note: percentage shows a share of a particular caller in the total
  amount of its parent calls.
  Callers occupying less than 1.0% are not shown.

   ticks parent  name
    835   79.3%  LazyCompile: *fib /Users/umauma/Documents/AnyProject/wasm-speed-test/app/fib/js-fib/index.js:3:22
    835  100.0%    LazyCompile: *fib /Users/umauma/Documents/AnyProject/wasm-speed-test/app/fib/js-fib/index.js:3:22
    835  100.0%      LazyCompile: *fib /Users/umauma/Documents/AnyProject/wasm-speed-test/app/fib/js-fib/index.js:3:22
    835  100.0%        LazyCompile: *fib /Users/umauma/Documents/AnyProject/wasm-speed-test/app/fib/js-fib/index.js:3:22
    835  100.0%          LazyCompile: *fib /Users/umauma/Documents/AnyProject/wasm-speed-test/app/fib/js-fib/index.js:3:22
    835  100.0%            LazyCompile: *fib /Users/umauma/Documents/AnyProject/wasm-speed-test/app/fib/js-fib/index.js:3:22

    140   13.3%  UNKNOWN
      3    2.1%    T __ZN2v88internal12AsmJsScannerC1EPNS0_20Utf16CharacterStreamE
      1   33.3%      LazyCompile: ~prepareMainThreadExecution node:internal/bootstrap/pre_execution:21:36
      1  100.0%        Eval: ~<anonymous> node:internal/main/run_main_module:1:1
      1   33.3%      LazyCompile: ~compileForInternalLoader node:internal/bootstrap/loaders:270:27
      1  100.0%        LazyCompile: ~nativeModuleRequire node:internal/bootstrap/loaders:303:29
      1  100.0%          Eval: ~<anonymous> node:fs:1:1
      1  100.0%            LazyCompile: ~compileForInternalLoader node:internal/bootstrap/loaders:270:27
      1   33.3%      Eval: ~<anonymous> node:fs:1:1
      1  100.0%        LazyCompile: ~compileForInternalLoader node:internal/bootstrap/loaders:270:27
      1  100.0%          LazyCompile: ~nativeModuleRequire node:internal/bootstrap/loaders:303:29
      1  100.0%            Eval: ~<anonymous> node:internal/source_map/source_map_cache:1:1

     30    2.8%  T __ZN2v88internal12AsmJsScannerC1EPNS0_20Utf16CharacterStreamE
     18   60.0%    T __ZN2v88internal12AsmJsScannerC1EPNS0_20Utf16CharacterStreamE
      3   16.7%      LazyCompile: ~fib /Users/umauma/Documents/AnyProject/wasm-speed-test/app/fib/js-fib/index.js:3:22
      3  100.0%        LazyCompile: ~fib /Users/umauma/Documents/AnyProject/wasm-speed-test/app/fib/js-fib/index.js:3:22
      3  100.0%          LazyCompile: ~fib /Users/umauma/Documents/AnyProject/wasm-speed-test/app/fib/js-fib/index.js:3:22
      3  100.0%            LazyCompile: ~fib /Users/umauma/Documents/AnyProject/wasm-speed-test/app/fib/js-fib/index.js:3:22
      2   11.1%      Eval: ~<anonymous> node:internal/main/run_main_module:1:1
      1    5.6%      LazyCompile: ~value node:internal/console/constructor:261:20
      1  100.0%        LazyCompile: ~log node:internal/console/constructor:362:6
      1  100.0%          t __ZN4node9inspector12_GLOBAL__N_120InspectorConsoleCallERKN2v820FunctionCallbackInfoINS2_5ValueEEE
      1  100.0%            Eval: ~<anonymous> /Users/umauma/Documents/AnyProject/wasm-speed-test/app/fib/js-fib/index.js:1:1
      1    5.6%      LazyCompile: ~readSync node:fs:578:18
      1  100.0%        LazyCompile: ~tryReadSync node:fs:378:21
      1  100.0%          LazyCompile: ~readFileSync node:fs:390:22
      1  100.0%            LazyCompile: ~Module._extensions..js node:internal/modules/cjs/loader:1100:37
      1    5.6%      LazyCompile: ~prepareMainThreadExecution node:internal/bootstrap/pre_execution:21:36
      1  100.0%        Eval: ~<anonymous> node:internal/main/run_main_module:1:1
      1    5.6%      LazyCompile: ~patchProcessObject node:internal/bootstrap/pre_execution:78:28
      1  100.0%        LazyCompile: ~prepareMainThreadExecution node:internal/bootstrap/pre_execution:21:36
      1  100.0%          Eval: ~<anonymous> node:internal/main/run_main_module:1:1
      1    5.6%      LazyCompile: ~normalizeString node:path:61:25
      1  100.0%        LazyCompile: ~resolve node:path:1012:10
      1  100.0%          LazyCompile: ~patchProcessObject node:internal/bootstrap/pre_execution:78:28
      1  100.0%            LazyCompile: ~prepareMainThreadExecution node:internal/bootstrap/pre_execution:21:36
      1    5.6%      LazyCompile: ~Module._load node:internal/modules/cjs/loader:747:24
      1  100.0%        LazyCompile: ~executeUserEntryPoint node:internal/modules/run_main:69:31
      1  100.0%          Eval: ~<anonymous> node:internal/main/run_main_module:1:1
      1    5.6%      LazyCompile: ~Module._findPath node:internal/modules/cjs/loader:484:28
      1  100.0%        LazyCompile: ~resolveMainPath node:internal/modules/run_main:12:25
      1  100.0%          LazyCompile: ~executeUserEntryPoint node:internal/modules/run_main:69:31
      1  100.0%            Eval: ~<anonymous> node:internal/main/run_main_module:1:1
      1    5.6%      LazyCompile: ~EventEmitterMixin node:internal/event_target:689:27
      1  100.0%        Eval: ~<anonymous> node:internal/fs/promises:1:1
      1  100.0%          LazyCompile: ~compileForInternalLoader node:internal/bootstrap/loaders:270:27
      1  100.0%            LazyCompile: ~nativeModuleRequire node:internal/bootstrap/loaders:303:29
      1    5.6%      Eval: ~<instance_members_initializer> node:internal/util/iterable_weak_map:28:3
      1  100.0%        LazyCompile: ~IterableWeakMap node:internal/util/iterable_weak_map:27:1
      1  100.0%          Eval: ~<anonymous> node:internal/source_map/source_map_cache:1:1
      1  100.0%            LazyCompile: ~compileForInternalLoader node:internal/bootstrap/loaders:270:27
      1    5.6%      Eval: ~<anonymous> node:perf_hooks:1:1
      1  100.0%        LazyCompile: ~compileForInternalLoader node:internal/bootstrap/loaders:270:27
      1  100.0%          LazyCompile: ~compileForPublicLoader node:internal/bootstrap/loaders:219:25
      1  100.0%            LazyCompile: ~loadNativeModule node:internal/modules/cjs/helpers:35:26
      1    5.6%      Eval: ~<anonymous> node:internal/modules/esm/translators:1:1
      1  100.0%        LazyCompile: ~compileForInternalLoader node:internal/bootstrap/loaders:270:27
      1  100.0%          LazyCompile: ~nativeModuleRequire node:internal/bootstrap/loaders:303:29
      1  100.0%            Eval: ~<anonymous> node:internal/modules/esm/loader:1:1
      1    5.6%      Eval: ~<anonymous> node:internal/modules/cjs/loader:1:1
      1  100.0%        LazyCompile: ~compileForInternalLoader node:internal/bootstrap/loaders:270:27
      1  100.0%          LazyCompile: ~nativeModuleRequire node:internal/bootstrap/loaders:303:29
      1  100.0%            LazyCompile: ~initializeCJSLoader node:internal/bootstrap/pre_execution:413:29
      1    5.6%      Eval: ~<anonymous> node:internal/fs/utils:1:1
      1  100.0%        LazyCompile: ~compileForInternalLoader node:internal/bootstrap/loaders:270:27
      1  100.0%          LazyCompile: ~nativeModuleRequire node:internal/bootstrap/loaders:303:29
      1  100.0%            Eval: ~<anonymous> node:fs:1:1
      1    3.3%    LazyCompile: ~realpathSync node:fs:1715:22
      1  100.0%      LazyCompile: ~toRealPath node:internal/modules/cjs/loader:383:20
      1  100.0%        LazyCompile: ~Module._findPath node:internal/modules/cjs/loader:484:28
      1  100.0%          LazyCompile: ~resolveMainPath node:internal/modules/run_main:12:25
      1  100.0%            LazyCompile: ~executeUserEntryPoint node:internal/modules/run_main:69:31
      1    3.3%    LazyCompile: ~internalBinding node:internal/bootstrap/loaders:137:45
      1  100.0%      Eval: ~<anonymous> node:internal/options:1:1
      1  100.0%        LazyCompile: ~compileForInternalLoader node:internal/bootstrap/loaders:270:27
      1  100.0%          LazyCompile: ~nativeModuleRequire node:internal/bootstrap/loaders:303:29
      1  100.0%            Eval: ~<anonymous> node:internal/bootstrap/pre_execution:1:1
      1    3.3%    LazyCompile: ~fib /Users/umauma/Documents/AnyProject/wasm-speed-test/app/fib/js-fib/index.js:3:22
      1  100.0%      LazyCompile: ~fib /Users/umauma/Documents/AnyProject/wasm-speed-test/app/fib/js-fib/index.js:3:22
      1  100.0%        LazyCompile: ~fib /Users/umauma/Documents/AnyProject/wasm-speed-test/app/fib/js-fib/index.js:3:22
      1  100.0%          LazyCompile: ~fib /Users/umauma/Documents/AnyProject/wasm-speed-test/app/fib/js-fib/index.js:3:22
      1  100.0%            LazyCompile: ~fib /Users/umauma/Documents/AnyProject/wasm-speed-test/app/fib/js-fib/index.js:3:22

     14    1.3%  T __ZN4node13native_module15NativeModuleEnv15CompileFunctionERKN2v820FunctionCallbackInfoINS2_5ValueEEE
     14  100.0%    T __ZN2v88internal12AsmJsScannerC1EPNS0_20Utf16CharacterStreamE
     14  100.0%      LazyCompile: ~compileForInternalLoader node:internal/bootstrap/loaders:270:27
     13   92.9%        LazyCompile: ~nativeModuleRequire node:internal/bootstrap/loaders:303:29
      2   15.4%          LazyCompile: ~initializeCJSLoader node:internal/bootstrap/pre_execution:413:29
      2  100.0%            LazyCompile: ~prepareMainThreadExecution node:internal/bootstrap/pre_execution:21:36
      2   15.4%          Eval: ~<anonymous> node:tty:1:1
      2  100.0%            LazyCompile: ~compileForInternalLoader node:internal/bootstrap/loaders:270:27
      2   15.4%          Eval: ~<anonymous> node:internal/source_map/source_map_cache:1:1
      2  100.0%            LazyCompile: ~compileForInternalLoader node:internal/bootstrap/loaders:270:27
      2   15.4%          Eval: ~<anonymous> node:internal/modules/package_json_reader:1:1
      2  100.0%            LazyCompile: ~compileForInternalLoader node:internal/bootstrap/loaders:270:27
      2   15.4%          Eval: ~<anonymous> node:internal/modules/esm/loader:1:1
      2  100.0%            LazyCompile: ~compileForInternalLoader node:internal/bootstrap/loaders:270:27
      1    7.7%          LazyCompile: ~setupInspectorHooks node:internal/bootstrap/pre_execution:224:29
      1  100.0%            LazyCompile: ~prepareMainThreadExecution node:internal/bootstrap/pre_execution:21:36
      1    7.7%          Eval: ~<anonymous> node:internal/main/run_main_module:1:1
      1    7.7%          Eval: ~<anonymous> node:internal/fs/promises:1:1
      1  100.0%            LazyCompile: ~compileForInternalLoader node:internal/bootstrap/loaders:270:27
      1    7.1%        LazyCompile: ~compileForPublicLoader node:internal/bootstrap/loaders:219:25
      1  100.0%          LazyCompile: ~loadNativeModule node:internal/modules/cjs/helpers:35:26
      1  100.0%            LazyCompile: ~Module._load node:internal/modules/cjs/loader:747:24

     11    1.0%  T _semaphore_create
      2   18.2%    T __ZN2v88internal12AsmJsScannerC1EPNS0_20Utf16CharacterStreamE
      1   50.0%      Eval: ~<anonymous> node:internal/net:1:1
      1  100.0%        LazyCompile: ~compileForInternalLoader node:internal/bootstrap/loaders:270:27
      1  100.0%          LazyCompile: ~nativeModuleRequire node:internal/bootstrap/loaders:303:29
      1  100.0%            Eval: ~<anonymous> node:net:1:1
      1   50.0%      Eval: ~<anonymous> node:internal/fs/promises:1:1
      1  100.0%        LazyCompile: ~compileForInternalLoader node:internal/bootstrap/loaders:270:27
      1  100.0%          LazyCompile: ~nativeModuleRequire node:internal/bootstrap/loaders:303:29
      1  100.0%            Eval: ~<anonymous> node:internal/modules/esm/get_source:1:1

